#
# A fatal error has been detected by the Java Runtime Environment:
#
#  EXCEPTION_ACCESS_VIOLATION (0xc0000005) at pc=0x00007ff98954e116, pid=13744, tid=4848
#
# JRE version: Java(TM) SE Runtime Environment (21.0+35) (build 21+35-LTS-2513)
# Java VM: Java HotSpot(TM) 64-Bit Server VM (21+35-LTS-2513, mixed mode, emulated-client, sharing, tiered, compressed oops, compressed class ptrs, g1 gc, windows-amd64)
# Problematic frame:
# V  [jvm.dll+0x13e116]
#
# No core dump will be written. Minidumps are not enabled by default on client versions of Windows
#
# If you would like to submit a bug report, please visit:
#   https://bugreport.java.com/bugreport/crash.jsp
#

---------------  S U M M A R Y ------------

Command Line: -XX:TieredStopAtLevel=1 -Dspring.output.ansi.enabled=always -Dcom.sun.management.jmxremote -Dspring.jmx.enabled=true -Dspring.liveBeansView.mbeanDomain -Dspring.application.admin.enabled=true -Dmanagement.endpoints.jmx.exposure.include=* -javaagent:C:\Program Files\JetBrains\IntelliJ IDEA 2023.1.1\lib\idea_rt.jar=58911:C:\Program Files\JetBrains\IntelliJ IDEA 2023.1.1\bin -Dfile.encoding=UTF-8 -Dsun.stdout.encoding=UTF-8 -Dsun.stderr.encoding=UTF-8 emsi.cg.terrain.TerrainApplication

Host: Intel(R) Core(TM) i7-8550U CPU @ 1.80GHz, 8 cores, 7G,  Windows 10 , 64 bit Build 19041 (10.0.19041.3636)
Time: Mon Jan 15 13:00:54 2024 Maroc (heure d64 bit Build 19041 (10.0.19041.3636) elapsed time: 785.477978 seconds (0d 0h 13m 5s)

---------------  T H R E A D  ---------------

Current thread (0x00000249456f3d70):  WorkerThread "GC Thread#4"    [id=4848, stack(0x000000e73b700000,0x000000e73b800000) (1024K)]

Stack: [0x000000e73b700000,0x000000e73b800000],  sp=0x000000e73b7ff218,  free space=1020k
Native frames: (J=compiled Java code, j=interpreted, Vv=VM code, C=native code)
V  [jvm.dll+0x13e116]


siginfo: EXCEPTION_ACCESS_VIOLATION (0xc0000005), reading address 0x000002496c666e77


Registers:
RAX=0x0000000000000000, RBX=0x0000000000000001, RCX=0x0000000088df5538, RDX=0x0000000088df5538
RSP=0x000000e73b7ff218, RBP=0x0000000000001395, RSI=0x000002496eeac8c0, RDI=0x00000010000022c0
R8 =0x000002496c666e6f, R9 =0x00000010000022c0, R10=0x0000000088df5538, R11=0x0000000000000001
R12=0x0000000000000004, R13=0x000002496c666e6f, R14=0x0000000088df5538, R15=0x0000024947bacc10
RIP=0x00007ff98954e116, EFLAGS=0x0000000000010206


Register to memory mapping:

RAX=0x0 is null
RBX=0x0000000000000001 is an unknown value
RCX=0x0000000088df5538 is pointing into object: [B 
{0x0000000088df5530} - klass: {type array byte}
 - length: 16
RDX=0x0000000088df5538 is pointing into object: [B 
{0x0000000088df5530} - klass: {type array byte}
 - length: 16
RSP=0x000000e73b7ff218 points into unknown readable memory: 0x00007ff98976765b | 5b 76 76 89 f9 7f 00 00
RBP=0x0000000000001395 is an unknown value
RSI=0x000002496eeac8c0 points into unknown readable memory: 0x0000000000000000 | 00 00 00 00 00 00 00 00
RDI=0x00000010000022c0 is an unknown value
R8 =0x000002496c666e6f is an unknown value
R9 =0x00000010000022c0 is an unknown value
R10=0x0000000088df5538 is pointing into object: [B 
{0x0000000088df5530} - klass: {type array byte}
 - length: 16
R11=0x0000000000000001 is an unknown value
R12=0x0000000000000004 is an unknown value
R13=0x000002496c666e6f is an unknown value
R14=0x0000000088df5538 is pointing into object: [B 
{0x0000000088df5530} - klass: {type array byte}
 - length: 16
R15=0x0000024947bacc10 points into unknown readable memory: 0x00007ff989de5358 | 58 53 de 89 f9 7f 00 00

Top of Stack: (sp=0x000000e73b7ff218)
0x000000e73b7ff218:   00007ff98976765b 0000000000000011
0x000000e73b7ff228:   0000000000000011 0000000000000002
0x000000e73b7ff238:   0000000000000002 0000000087f9cce4
0x000000e73b7ff248:   00007ff989765a09 0000000000000011
0x000000e73b7ff258:   000002496ef4ce00 0000024947bacc28
0x000000e73b7ff268:   0000000000000000 0000024947bacd98
0x000000e73b7ff278:   0000000000000000 0000000000000040
0x000000e73b7ff288:   0000024945691b80 0000000000000004
0x000000e73b7ff298:   000000008620fb04 000002496eeac8c0
0x000000e73b7ff2a8:   0000000000001395 0000024947bacc10
0x000000e73b7ff2b8:   00007ff9897688ea 0000024947ba0000
0x000000e73b7ff2c8:   0000000000000100 0000024900000000
0x000000e73b7ff2d8:   0000000000000040 00000000874ee000
0x000000e73b7ff2e8:   000000000000001c 000000e73b7ff4e0
0x000000e73b7ff2f8:   00000000874ee800 000000e73b7ff4e0
0x000000e73b7ff308:   00007ff989764fce 00000000874ee800
0x000000e73b7ff318:   0000024947bacc10 00000000874dd400
0x000000e73b7ff328:   0000000000000040 00000001d423fd2b
0x000000e73b7ff338:   0000016c440c66c7 0000000000000004
0x000000e73b7ff348:   000000e73b7ff4e0 000002496ef2e7c0
0x000000e73b7ff358:   00007ff98977209b 000000000000001c
0x000000e73b7ff368:   000002496ef2e7c0 000000e73b7ff4e0
0x000000e73b7ff378:   00007ff989ad198f 00000000874ee000
0x000000e73b7ff388:   0000000000000100 00007ff989de6588
0x000000e73b7ff398:   0000000000000000 000002496eea2940
0x000000e73b7ff3a8:   0000024947bacc10 000000e73b7ff530
0x000000e73b7ff3b8:   00007ff989ad198f 0000024945409a40
0x000000e73b7ff3c8:   000002497a7de780 000002496eea96d0
0x000000e73b7ff3d8:   00007ff989773d39 0000000000000000
0x000000e73b7ff3e8:   00007ff989c181de 0000000000000003
0x000000e73b7ff3f8:   000002497a7de774 0000000000000003
0x000000e73b7ff408:   000000000000000e 000002496ee97e60 

Instructions: (pc=0x00007ff98954e116)
0x00007ff98954e016:   4c 63 c0 41 8b c1 48 c1 f8 10 48 63 14 19 41 8b
0x00007ff98954e026:   c9 83 e1 3f 48 d3 e2 0f b6 c8 49 8d 04 10 49 f7
0x00007ff98954e036:   d0 48 03 c8 49 c1 e8 03 48 c1 e9 03 49 23 c8 eb
0x00007ff98954e046:   12 49 8b 00 48 8b d3 49 8b c8 ff 90 00 01 00 00
0x00007ff98954e056:   48 8b c8 48 89 1f 48 8b c7 48 8b 5c 24 30 48 89
0x00007ff98954e066:   4f 08 48 83 c4 20 5f c3 cc cc 0f b6 05 a7 b4 a7
0x00007ff98954e076:   00 48 8b d1 84 c0 74 16 44 8b 41 08 8b 0d f0 9e
0x00007ff98954e086:   a7 00 49 d3 e0 4c 03 05 de 9e a7 00 eb 04 4c 8b
0x00007ff98954e096:   41 08 45 8b 48 08 45 85 c9 7e 0e 41 f6 c1 01 75
0x00007ff98954e0a6:   53 41 c1 f9 03 49 63 c1 c3 79 49 84 c0 41 b8 0c
0x00007ff98954e0b6:   00 00 00 8b 05 f9 af a7 00 b9 10 00 00 00 41 0f
0x00007ff98954e0c6:   45 c8 ff c8 4c 63 c0 41 8b c1 48 c1 f8 10 0f b6
0x00007ff98954e0d6:   c0 48 63 14 11 41 8b c9 83 e1 3f 48 d3 e2 49 8d
0x00007ff98954e0e6:   0c 10 49 f7 d0 48 03 c1 49 c1 e8 03 48 c1 e8 03
0x00007ff98954e0f6:   49 23 c0 c3 49 8b 00 49 8b c8 48 ff a0 00 01 00
0x00007ff98954e106:   00 cc cc cc cc cc cc cc cc cc 4c 8b c2 48 8b d1
0x00007ff98954e116:   45 8b 48 08 45 85 c9 7e 0e 41 f6 c1 01 75 56 41
0x00007ff98954e126:   c1 f9 03 49 63 c1 c3 79 4c 80 3d e8 b3 a7 00 00
0x00007ff98954e136:   b8 0c 00 00 00 b9 10 00 00 00 0f 45 c8 8b 05 6f
0x00007ff98954e146:   af a7 00 ff c8 4c 63 c0 41 8b c1 48 c1 f8 10 48
0x00007ff98954e156:   63 14 11 41 8b c9 83 e1 3f 0f b6 c0 48 d3 e2 49
0x00007ff98954e166:   8d 0c 10 49 f7 d0 48 03 c1 49 c1 e8 03 48 c1 e8
0x00007ff98954e176:   03 49 23 c0 c3 49 8b 00 49 8b c8 48 ff a0 00 01
0x00007ff98954e186:   00 00 cc cc cc cc cc cc cc cc 48 83 ec 28 ba 37
0x00007ff98954e196:   00 00 00 48 8d 0d d8 5b 85 00 e8 eb 26 14 00 cc
0x00007ff98954e1a6:   cc cc cc cc cc cc cc cc cc cc 40 53 48 83 ec 20
0x00007ff98954e1b6:   48 8b d9 49 8b c0 33 c9 45 0f b6 c1 48 89 0b 48
0x00007ff98954e1c6:   89 4b 08 48 8b cb 48 89 53 10 48 8b d0 e8 a8 09
0x00007ff98954e1d6:   00 00 48 8b c3 48 83 c4 20 5b c3 cc cc cc cc cc
0x00007ff98954e1e6:   cc cc cc cc cc cc cc cc cc cc 40 53 48 83 ec 20
0x00007ff98954e1f6:   33 c0 44 88 41 10 45 0f b6 c1 48 89 01 48 89 41
0x00007ff98954e206:   08 48 8b d9 e8 81 0a 00 00 48 8b c3 48 83 c4 20 


Stack slot to memory mapping:

stack at sp + 0 slots: 0x00007ff98976765b jvm.dll
stack at sp + 1 slots: 0x0000000000000011 is an unknown value
stack at sp + 2 slots: 0x0000000000000011 is an unknown value
stack at sp + 3 slots: 0x0000000000000002 is an unknown value
stack at sp + 4 slots: 0x0000000000000002 is an unknown value
stack at sp + 5 slots: 0x0000000087f9cce4 is pointing into object: [Ljava.util.concurrent.ConcurrentHashMap$Node; 
{0x0000000087f970f0} - klass: 'java/util/concurrent/ConcurrentHashMap$Node'[]
 - length: 16384
stack at sp + 6 slots: 0x00007ff989765a09 jvm.dll
stack at sp + 7 slots: 0x0000000000000011 is an unknown value


---------------  P R O C E S S  ---------------

Threads class SMR info:
_java_thread_list=0x00000249481f7cd0, length=48, elements={
0x000002497f501830, 0x000002497f503710, 0x000002497f5045e0, 0x000002497f506430,
0x000002497f507040, 0x000002497f507e00, 0x000002497f508860, 0x000002497f73bc00,
0x000002497f73c290, 0x000002497f738e10, 0x000002497f73a1c0, 0x000002497f739b30,
0x00000249468caff0, 0x00000249468cbd10, 0x00000249468cb680, 0x00000249468c8890,
0x00000249468ca2d0, 0x00000249468ca960, 0x0000024947c143f0, 0x0000024947c14a80,
0x0000024947c17f00, 0x0000024947c15110, 0x0000024947c136d0, 0x0000024947c11600,
0x0000024947c157a0, 0x0000024947c13d60, 0x0000024947c15e30, 0x0000024947c13040,
0x0000024947c129b0, 0x0000024947c164c0, 0x0000024947c11c90, 0x0000024947c16b50,
0x0000024947c171e0, 0x0000024947c17870, 0x0000024947c18c20, 0x0000024947c12320,
0x0000024947c18590, 0x0000024948585ab0, 0x0000024948584700, 0x0000024948587b80,
0x0000024948588210, 0x0000024948586140, 0x000002494858a970, 0x0000024948586e60,
0x0000024948588f30, 0x0000024948589c50, 0x00000249485888a0, 0x00000249485895c0
}

Java Threads: ( => current thread )
  0x000002497f501830 JavaThread "Reference Handler"          daemon [_thread_blocked, id=14580, stack(0x000000e73a600000,0x000000e73a700000) (1024K)]
  0x000002497f503710 JavaThread "Finalizer"                  daemon [_thread_blocked, id=2464, stack(0x000000e73a700000,0x000000e73a800000) (1024K)]
  0x000002497f5045e0 JavaThread "Signal Dispatcher"          daemon [_thread_blocked, id=9916, stack(0x000000e73a800000,0x000000e73a900000) (1024K)]
  0x000002497f506430 JavaThread "Attach Listener"            daemon [_thread_blocked, id=8432, stack(0x000000e73a900000,0x000000e73aa00000) (1024K)]
  0x000002497f507040 JavaThread "Service Thread"             daemon [_thread_blocked, id=3100, stack(0x000000e73aa00000,0x000000e73ab00000) (1024K)]
  0x000002497f507e00 JavaThread "Monitor Deflation Thread"   daemon [_thread_blocked, id=11052, stack(0x000000e73ab00000,0x000000e73ac00000) (1024K)]
  0x000002497f508860 JavaThread "C1 CompilerThread0"         daemon [_thread_blocked, id=16624, stack(0x000000e73ac00000,0x000000e73ad00000) (1024K)]
  0x000002497f73bc00 JavaThread "Common-Cleaner"             daemon [_thread_blocked, id=10740, stack(0x000000e73ad00000,0x000000e73ae00000) (1024K)]
  0x000002497f73c290 JavaThread "Monitor Ctrl-Break"         daemon [_thread_in_native, id=15008, stack(0x000000e73b000000,0x000000e73b100000) (1024K)]
  0x000002497f738e10 JavaThread "Notification Thread"        daemon [_thread_blocked, id=12028, stack(0x000000e73b100000,0x000000e73b200000) (1024K)]
  0x000002497f73a1c0 JavaThread "RMI TCP Accept-0"           daemon [_thread_in_native, id=17480, stack(0x000000e73b300000,0x000000e73b400000) (1024K)]
  0x000002497f739b30 JavaThread "RMI Scheduler(0)"           daemon [_thread_blocked, id=92, stack(0x000000e73bd00000,0x000000e73be00000) (1024K)]
  0x00000249468caff0 JavaThread "Catalina-utility-1"                [_thread_blocked, id=6592, stack(0x000000e73bf00000,0x000000e73c000000) (1024K)]
  0x00000249468cbd10 JavaThread "Catalina-utility-2"                [_thread_blocked, id=16996, stack(0x000000e73c100000,0x000000e73c200000) (1024K)]
  0x00000249468cb680 JavaThread "container-0"                       [_thread_blocked, id=11148, stack(0x000000e73c200000,0x000000e73c300000) (1024K)]
  0x00000249468c8890 JavaThread "mysql-cj-abandoned-connection-cleanup" daemon [_thread_blocked, id=19464, stack(0x000000e73c300000,0x000000e73c400000) (1024K)]
  0x00000249468ca2d0 JavaThread "HikariPool-1 housekeeper"   daemon [_thread_blocked, id=13756, stack(0x000000e73c500000,0x000000e73c600000) (1024K)]
  0x00000249468ca960 JavaThread "File Watcher"               daemon [_thread_blocked, id=7980, stack(0x000000e73b200000,0x000000e73b300000) (1024K)]
  0x0000024947c143f0 JavaThread "spring.cloud.inetutils"     daemon [_thread_blocked, id=13496, stack(0x000000e73c700000,0x000000e73c800000) (1024K)]
  0x0000024947c14a80 JavaThread "AsyncResolver-bootstrap-0"  daemon [_thread_blocked, id=12080, stack(0x000000e73c800000,0x000000e73c900000) (1024K)]
  0x0000024947c17f00 JavaThread "DiscoveryClient-0"          daemon [_thread_blocked, id=1732, stack(0x000000e73c900000,0x000000e73ca00000) (1024K)]
  0x0000024947c15110 JavaThread "DiscoveryClient-1"          daemon [_thread_blocked, id=16264, stack(0x000000e73ca00000,0x000000e73cb00000) (1024K)]
  0x0000024947c136d0 JavaThread "DiscoveryClient-InstanceInfoReplicator-0" daemon [_thread_blocked, id=8964, stack(0x000000e73cb00000,0x000000e73cc00000) (1024K)]
  0x0000024947c11600 JavaThread "http-nio-8085-exec-1"       daemon [_thread_blocked, id=15508, stack(0x000000e73cc00000,0x000000e73cd00000) (1024K)]
  0x0000024947c157a0 JavaThread "http-nio-8085-exec-2"       daemon [_thread_blocked, id=4376, stack(0x000000e73cd00000,0x000000e73ce00000) (1024K)]
  0x0000024947c13d60 JavaThread "http-nio-8085-exec-3"       daemon [_thread_blocked, id=19536, stack(0x000000e73ce00000,0x000000e73cf00000) (1024K)]
  0x0000024947c15e30 JavaThread "http-nio-8085-exec-4"       daemon [_thread_blocked, id=10436, stack(0x000000e73cf00000,0x000000e73d000000) (1024K)]
  0x0000024947c13040 JavaThread "http-nio-8085-exec-5"       daemon [_thread_blocked, id=17744, stack(0x000000e73d000000,0x000000e73d100000) (1024K)]
  0x0000024947c129b0 JavaThread "http-nio-8085-exec-6"       daemon [_thread_blocked, id=13264, stack(0x000000e73d100000,0x000000e73d200000) (1024K)]
  0x0000024947c164c0 JavaThread "http-nio-8085-exec-7"       daemon [_thread_blocked, id=6548, stack(0x000000e73d200000,0x000000e73d300000) (1024K)]
  0x0000024947c11c90 JavaThread "http-nio-8085-exec-8"       daemon [_thread_blocked, id=15812, stack(0x000000e73d300000,0x000000e73d400000) (1024K)]
  0x0000024947c16b50 JavaThread "http-nio-8085-exec-9"       daemon [_thread_blocked, id=17168, stack(0x000000e73d400000,0x000000e73d500000) (1024K)]
  0x0000024947c171e0 JavaThread "http-nio-8085-exec-10"      daemon [_thread_blocked, id=14028, stack(0x000000e73d500000,0x000000e73d600000) (1024K)]
  0x0000024947c17870 JavaThread "http-nio-8085-Poller"       daemon [_thread_in_native, id=17072, stack(0x000000e73d600000,0x000000e73d700000) (1024K)]
  0x0000024947c18c20 JavaThread "http-nio-8085-Acceptor"     daemon [_thread_in_native, id=4064, stack(0x000000e73d700000,0x000000e73d800000) (1024K)]
  0x0000024947c12320 JavaThread "AMQP Connection 127.0.0.1:5672"        [_thread_in_native, id=12312, stack(0x000000e73d800000,0x000000e73d900000) (1024K)]
  0x0000024947c18590 JavaThread "pool-2-thread-2"                   [_thread_blocked, id=12992, stack(0x000000e73d900000,0x000000e73da00000) (1024K)]
  0x0000024948585ab0 JavaThread "org.springframework.amqp.rabbit.RabbitListenerEndpointContainer#0-1"        [_thread_blocked, id=19344, stack(0x000000e73da00000,0x000000e73db00000) (1024K)]
  0x0000024948584700 JavaThread "pool-2-thread-3"                   [_thread_blocked, id=11432, stack(0x000000e73db00000,0x000000e73dc00000) (1024K)]
  0x0000024948587b80 JavaThread "boundedElastic-evictor-1"   daemon [_thread_blocked, id=7160, stack(0x000000e73dc00000,0x000000e73dd00000) (1024K)]
  0x0000024948588210 JavaThread "pool-12-thread-1"           daemon [_thread_blocked, id=7860, stack(0x000000e73dd00000,0x000000e73de00000) (1024K)]
  0x0000024948586140 JavaThread "DestroyJavaVM"                     [_thread_blocked, id=3244, stack(0x000000e739e00000,0x000000e739f00000) (1024K)]
  0x000002494858a970 JavaThread "DiscoveryClient-CacheRefreshExecutor-0" daemon [_thread_blocked, id=11008, stack(0x000000e73bb00000,0x000000e73bc00000) (1024K)]
  0x0000024948586e60 JavaThread "DiscoveryClient-HeartbeatExecutor-0" daemon [_thread_blocked, id=7760, stack(0x000000e73c600000,0x000000e73c700000) (1024K)]
  0x0000024948588f30 JavaThread "pool-2-thread-4"                   [_thread_blocked, id=3188, stack(0x000000e73e300000,0x000000e73e400000) (1024K)]
  0x0000024948589c50 JavaThread "pool-2-thread-5"                   [_thread_blocked, id=1628, stack(0x000000e739b00000,0x000000e739c00000) (1024K)]
  0x00000249485888a0 JavaThread "pool-2-thread-6"                   [_thread_blocked, id=8856, stack(0x000000e739c00000,0x000000e739d00000) (1024K)]
  0x00000249485895c0 JavaThread "AsyncResolver-bootstrap-executor-0" daemon [_thread_blocked, id=17880, stack(0x000000e73ae00000,0x000000e73af00000) (1024K)]
Total: 48

Other Threads:
  0x000002497f4e31a0 VMThread "VM Thread"                           [id=6080, stack(0x000000e73a500000,0x000000e73a600000) (1024K)]
  0x000002497f4ca0f0 WatcherThread "VM Periodic Task Thread"        [id=12712, stack(0x000000e73a400000,0x000000e73a500000) (1024K)]
  0x000002496eee7e40 WorkerThread "GC Thread#0"                     [id=13052, stack(0x000000e739f00000,0x000000e73a000000) (1024K)]
  0x0000024945699980 WorkerThread "GC Thread#1"                     [id=15656, stack(0x000000e73b400000,0x000000e73b500000) (1024K)]
  0x00000249456f1620 WorkerThread "GC Thread#2"                     [id=9656, stack(0x000000e73b500000,0x000000e73b600000) (1024K)]
  0x00000249456f19c0 WorkerThread "GC Thread#3"                     [id=2384, stack(0x000000e73b600000,0x000000e73b700000) (1024K)]
=>0x00000249456f3d70 WorkerThread "GC Thread#4"                     [id=4848, stack(0x000000e73b700000,0x000000e73b800000) (1024K)]
  0x00000249456f4110 WorkerThread "GC Thread#5"                     [id=4000, stack(0x000000e73b800000,0x000000e73b900000) (1024K)]
  0x00000249456f44b0 WorkerThread "GC Thread#6"                     [id=13160, stack(0x000000e73b900000,0x000000e73ba00000) (1024K)]
  0x0000024945b482e0 WorkerThread "GC Thread#7"                     [id=17172, stack(0x000000e73be00000,0x000000e73bf00000) (1024K)]
  0x000002496eef83e0 ConcurrentGCThread "G1 Main Marker"            [id=18184, stack(0x000000e73a000000,0x000000e73a100000) (1024K)]
  0x000002496eef9590 WorkerThread "G1 Conc#0"                       [id=9784, stack(0x000000e73a100000,0x000000e73a200000) (1024K)]
  0x0000024945e33930 WorkerThread "G1 Conc#1"                       [id=16964, stack(0x000000e73c000000,0x000000e73c100000) (1024K)]
  0x000002496ef4e070 ConcurrentGCThread "G1 Refine#0"               [id=9584, stack(0x000000e73a200000,0x000000e73a300000) (1024K)]
  0x000002496ef4e9f0 ConcurrentGCThread "G1 Service"                [id=17336, stack(0x000000e73a300000,0x000000e73a400000) (1024K)]
Total: 15

Threads with active compile tasks:
Total: 0

VM state: at safepoint (normal execution)

VM Mutex/Monitor currently owned by a thread:  ([mutex/lock_event])
[0x00007ff98a048548] Threads_lock - owner thread: 0x000002497f4e31a0
[0x00007ff98a048648] Heap_lock - owner thread: 0x00000249468ca960

Heap address: 0x0000000085800000, size: 1960 MB, Compressed Oops mode: 32-bit

CDS archive(s) mapped at: [0x0000024900000000-0x0000024900c90000-0x0000024900c90000), size 13172736, SharedBaseAddress: 0x0000024900000000, ArchiveRelocationMode: 1.
Compressed class space mapped at: 0x0000024901000000-0x0000024941000000, reserved size: 1073741824
Narrow klass base: 0x0000024900000000, Narrow klass shift: 0, Narrow klass range: 0x100000000

GC Precious Log:
 CardTable entry size: 512
 Card Set container configuration: InlinePtr #cards 5 size 8 Array Of Cards #cards 12 size 40 Howl #buckets 4 coarsen threshold 1843 Howl Bitmap #cards 512 size 80 coarsen threshold 460 Card regions per heap region 1 cards per card region 2048
 CPUs: 8 total, 8 available
 Memory: 7833M
 Large Page Support: Disabled
 NUMA Support: Disabled
 Compressed Oops: Enabled (32-bit)
 Heap Region Size: 1M
 Heap Min Capacity: 8M
 Heap Initial Capacity: 124M
 Heap Max Capacity: 1960M
 Pre-touch: Disabled
 Parallel Workers: 8
 Concurrent Workers: 2
 Concurrent Refinement Workers: 8
 Periodic GC: Disabled

Heap:
 garbage-first heap   total 94208K, used 81616K [0x0000000085800000, 0x0000000100000000)
  region size 1024K, 38 young (38912K), 4 survivors (4096K)
 Metaspace       used 83144K, committed 84160K, reserved 1179648K
  class space    used 11895K, committed 12352K, reserved 1048576K

Heap Regions: E=young(eden), S=young(survivor), O=old, HS=humongous(starts), HC=humongous(continues), CS=collection set, F=free, TAMS=top-at-mark-start, PB=parsable bottom
|   0|0x0000000085800000, 0x0000000085900000, 0x0000000085900000|100%|HS|  |TAMS 0x0000000085800000| PB 0x0000000085800000| Complete 
|   1|0x0000000085900000, 0x0000000085a00000, 0x0000000085a00000|100%|HS|  |TAMS 0x0000000085900000| PB 0x0000000085900000| Complete 
|   2|0x0000000085a00000, 0x0000000085b00000, 0x0000000085b00000|100%| O|  |TAMS 0x0000000085a00000| PB 0x0000000085a00000| Untracked 
|   3|0x0000000085b00000, 0x0000000085c00000, 0x0000000085c00000|100%| O|  |TAMS 0x0000000085b00000| PB 0x0000000085b00000| Untracked 
|   4|0x0000000085c00000, 0x0000000085d00000, 0x0000000085d00000|100%| O|  |TAMS 0x0000000085c00000| PB 0x0000000085c00000| Untracked 
|   5|0x0000000085d00000, 0x0000000085e00000, 0x0000000085e00000|100%| O|  |TAMS 0x0000000085d00000| PB 0x0000000085d00000| Untracked 
|   6|0x0000000085e00000, 0x0000000085f00000, 0x0000000085f00000|100%| O|  |TAMS 0x0000000085e00000| PB 0x0000000085e00000| Untracked 
|   7|0x0000000085f00000, 0x0000000086000000, 0x0000000086000000|100%| O|  |TAMS 0x0000000085f00000| PB 0x0000000085f00000| Untracked 
|   8|0x0000000086000000, 0x0000000086100000, 0x0000000086100000|100%| O|  |TAMS 0x0000000086000000| PB 0x0000000086000000| Untracked 
|   9|0x0000000086100000, 0x0000000086200000, 0x0000000086200000|100%| O|  |TAMS 0x0000000086100000| PB 0x0000000086100000| Untracked 
|  10|0x0000000086200000, 0x0000000086300000, 0x0000000086300000|100%| O|  |TAMS 0x0000000086200000| PB 0x0000000086200000| Untracked 
|  11|0x0000000086300000, 0x0000000086400000, 0x0000000086400000|100%| O|  |TAMS 0x0000000086300000| PB 0x0000000086300000| Untracked 
|  12|0x0000000086400000, 0x0000000086500000, 0x0000000086500000|100%| O|  |TAMS 0x0000000086400000| PB 0x0000000086400000| Untracked 
|  13|0x0000000086500000, 0x0000000086600000, 0x0000000086600000|100%| O|  |TAMS 0x0000000086500000| PB 0x0000000086500000| Untracked 
|  14|0x0000000086600000, 0x0000000086700000, 0x0000000086700000|100%| O|  |TAMS 0x0000000086600000| PB 0x0000000086600000| Untracked 
|  15|0x0000000086700000, 0x0000000086800000, 0x0000000086800000|100%| O|  |TAMS 0x0000000086700000| PB 0x0000000086700000| Untracked 
|  16|0x0000000086800000, 0x0000000086900000, 0x0000000086900000|100%| O|  |TAMS 0x0000000086800000| PB 0x0000000086800000| Untracked 
|  17|0x0000000086900000, 0x0000000086a00000, 0x0000000086a00000|100%| O|  |TAMS 0x0000000086900000| PB 0x0000000086900000| Untracked 
|  18|0x0000000086a00000, 0x0000000086b00000, 0x0000000086b00000|100%| O|  |TAMS 0x0000000086a00000| PB 0x0000000086a00000| Untracked 
|  19|0x0000000086b00000, 0x0000000086c00000, 0x0000000086c00000|100%| O|  |TAMS 0x0000000086b00000| PB 0x0000000086b00000| Untracked 
|  20|0x0000000086c00000, 0x0000000086d00000, 0x0000000086d00000|100%| O|  |TAMS 0x0000000086c00000| PB 0x0000000086c00000| Untracked 
|  21|0x0000000086d00000, 0x0000000086e00000, 0x0000000086e00000|100%| O|  |TAMS 0x0000000086d00000| PB 0x0000000086d00000| Untracked 
|  22|0x0000000086e00000, 0x0000000086f00000, 0x0000000086f00000|100%| O|  |TAMS 0x0000000086e00000| PB 0x0000000086e00000| Untracked 
|  23|0x0000000086f00000, 0x0000000087000000, 0x0000000087000000|100%| O|  |TAMS 0x0000000086f00000| PB 0x0000000086f00000| Untracked 
|  24|0x0000000087000000, 0x0000000087100000, 0x0000000087100000|100%| O|  |TAMS 0x0000000087000000| PB 0x0000000087000000| Untracked 
|  25|0x0000000087100000, 0x0000000087200000, 0x0000000087200000|100%| O|  |TAMS 0x0000000087100000| PB 0x0000000087100000| Untracked 
|  26|0x0000000087200000, 0x0000000087300000, 0x0000000087300000|100%| O|  |TAMS 0x0000000087200000| PB 0x0000000087200000| Untracked 
|  27|0x0000000087300000, 0x0000000087400000, 0x0000000087400000|100%| O|  |TAMS 0x0000000087300000| PB 0x0000000087300000| Untracked 
|  28|0x0000000087400000, 0x0000000087500000, 0x0000000087500000|100%| O|  |TAMS 0x0000000087400000| PB 0x0000000087400000| Untracked 
|  29|0x0000000087500000, 0x0000000087600000, 0x0000000087600000|100%| O|  |TAMS 0x0000000087500000| PB 0x0000000087500000| Untracked 
|  30|0x0000000087600000, 0x0000000087700000, 0x0000000087700000|100%| O|  |TAMS 0x0000000087600000| PB 0x0000000087600000| Untracked 
|  31|0x0000000087700000, 0x0000000087800000, 0x0000000087800000|100%| O|  |TAMS 0x0000000087700000| PB 0x0000000087700000| Untracked 
|  32|0x0000000087800000, 0x0000000087900000, 0x0000000087900000|100%| O|  |TAMS 0x0000000087800000| PB 0x0000000087800000| Untracked 
|  33|0x0000000087900000, 0x0000000087a00000, 0x0000000087a00000|100%| O|  |TAMS 0x0000000087900000| PB 0x0000000087900000| Untracked 
|  34|0x0000000087a00000, 0x0000000087b00000, 0x0000000087b00000|100%| O|  |TAMS 0x0000000087a00000| PB 0x0000000087a00000| Untracked 
|  35|0x0000000087b00000, 0x0000000087c00000, 0x0000000087c00000|100%| O|  |TAMS 0x0000000087b00000| PB 0x0000000087b00000| Untracked 
|  36|0x0000000087c00000, 0x0000000087d00000, 0x0000000087d00000|100%| O|  |TAMS 0x0000000087c00000| PB 0x0000000087c00000| Untracked 
|  37|0x0000000087d00000, 0x0000000087e00000, 0x0000000087e00000|100%| O|  |TAMS 0x0000000087d00000| PB 0x0000000087d00000| Untracked 
|  38|0x0000000087e00000, 0x0000000087f00000, 0x0000000087f00000|100%| O|  |TAMS 0x0000000087e00000| PB 0x0000000087e00000| Untracked 
|  39|0x0000000087f00000, 0x0000000088000000, 0x0000000088000000|100%| O|  |TAMS 0x0000000087f00000| PB 0x0000000087f00000| Untracked 
|  40|0x0000000088000000, 0x00000000880897a8, 0x0000000088100000| 53%| O|  |TAMS 0x0000000088000000| PB 0x0000000088000000| Untracked 
|  41|0x0000000088100000, 0x0000000088200000, 0x0000000088200000|100%| O|  |TAMS 0x0000000088100000| PB 0x0000000088100000| Untracked 
|  42|0x0000000088200000, 0x0000000088300000, 0x0000000088300000|100%| O|  |TAMS 0x0000000088200000| PB 0x0000000088200000| Untracked 
|  43|0x0000000088300000, 0x0000000088300000, 0x0000000088400000|  0%| F|  |TAMS 0x0000000088300000| PB 0x0000000088300000| Untracked 
|  44|0x0000000088400000, 0x0000000088400000, 0x0000000088500000|  0%| F|  |TAMS 0x0000000088400000| PB 0x0000000088400000| Untracked 
|  45|0x0000000088500000, 0x0000000088500000, 0x0000000088600000|  0%| F|  |TAMS 0x0000000088500000| PB 0x0000000088500000| Untracked 
|  46|0x0000000088600000, 0x0000000088600000, 0x0000000088700000|  0%| F|  |TAMS 0x0000000088600000| PB 0x0000000088600000| Untracked 
|  47|0x0000000088700000, 0x0000000088700000, 0x0000000088800000|  0%| F|  |TAMS 0x0000000088700000| PB 0x0000000088700000| Untracked 
|  48|0x0000000088800000, 0x000000008889e460, 0x0000000088900000| 61%| E|CS|TAMS 0x0000000088800000| PB 0x0000000088800000| Complete 
|  49|0x0000000088900000, 0x0000000088917a98, 0x0000000088a00000|  9%| S|  |TAMS 0x0000000088900000| PB 0x0000000088900000| Complete 
|  50|0x0000000088a00000, 0x0000000088b00000, 0x0000000088b00000|100%| E|CS|TAMS 0x0000000088a00000| PB 0x0000000088a00000| Complete 
|  51|0x0000000088b00000, 0x0000000088c00000, 0x0000000088c00000|100%| E|CS|TAMS 0x0000000088b00000| PB 0x0000000088b00000| Complete 
|  52|0x0000000088c00000, 0x0000000088d00000, 0x0000000088d00000|100%| E|CS|TAMS 0x0000000088c00000| PB 0x0000000088c00000| Complete 
|  53|0x0000000088d00000, 0x0000000088e00000, 0x0000000088e00000|100%| E|CS|TAMS 0x0000000088d00000| PB 0x0000000088d00000| Complete 
|  54|0x0000000088e00000, 0x0000000088f00000, 0x0000000088f00000|100%| S|  |TAMS 0x0000000088e00000| PB 0x0000000088e00000| Complete 
|  55|0x0000000088f00000, 0x0000000089000000, 0x0000000089000000|100%| S|  |TAMS 0x0000000088f00000| PB 0x0000000088f00000| Complete 
|  56|0x0000000089000000, 0x0000000089100000, 0x0000000089100000|100%| S|  |TAMS 0x0000000089000000| PB 0x0000000089000000| Complete 
|  57|0x0000000089100000, 0x0000000089200000, 0x0000000089200000|100%| E|CS|TAMS 0x0000000089100000| PB 0x0000000089100000| Complete 
|  58|0x0000000089200000, 0x0000000089300000, 0x0000000089300000|100%| E|CS|TAMS 0x0000000089200000| PB 0x0000000089200000| Complete 
|  59|0x0000000089300000, 0x0000000089400000, 0x0000000089400000|100%| E|CS|TAMS 0x0000000089300000| PB 0x0000000089300000| Complete 
|  60|0x0000000089400000, 0x0000000089500000, 0x0000000089500000|100%| E|CS|TAMS 0x0000000089400000| PB 0x0000000089400000| Complete 
|  61|0x0000000089500000, 0x0000000089600000, 0x0000000089600000|100%| E|CS|TAMS 0x0000000089500000| PB 0x0000000089500000| Complete 
|  62|0x0000000089600000, 0x0000000089700000, 0x0000000089700000|100%| E|CS|TAMS 0x0000000089600000| PB 0x0000000089600000| Complete 
|  63|0x0000000089700000, 0x0000000089800000, 0x0000000089800000|100%| E|CS|TAMS 0x0000000089700000| PB 0x0000000089700000| Complete 
|  64|0x0000000089800000, 0x0000000089900000, 0x0000000089900000|100%| E|CS|TAMS 0x0000000089800000| PB 0x0000000089800000| Complete 
|  65|0x0000000089900000, 0x0000000089a00000, 0x0000000089a00000|100%| E|CS|TAMS 0x0000000089900000| PB 0x0000000089900000| Complete 
|  66|0x0000000089a00000, 0x0000000089b00000, 0x0000000089b00000|100%| E|CS|TAMS 0x0000000089a00000| PB 0x0000000089a00000| Complete 
|  67|0x0000000089b00000, 0x0000000089c00000, 0x0000000089c00000|100%| E|CS|TAMS 0x0000000089b00000| PB 0x0000000089b00000| Complete 
|  68|0x0000000089c00000, 0x0000000089d00000, 0x0000000089d00000|100%| E|CS|TAMS 0x0000000089c00000| PB 0x0000000089c00000| Complete 
|  69|0x0000000089d00000, 0x0000000089e00000, 0x0000000089e00000|100%| E|CS|TAMS 0x0000000089d00000| PB 0x0000000089d00000| Complete 
|  70|0x0000000089e00000, 0x0000000089f00000, 0x0000000089f00000|100%| E|CS|TAMS 0x0000000089e00000| PB 0x0000000089e00000| Complete 
|  71|0x0000000089f00000, 0x000000008a000000, 0x000000008a000000|100%| E|CS|TAMS 0x0000000089f00000| PB 0x0000000089f00000| Complete 
|  72|0x000000008a000000, 0x000000008a100000, 0x000000008a100000|100%| E|CS|TAMS 0x000000008a000000| PB 0x000000008a000000| Complete 
|  73|0x000000008a100000, 0x000000008a200000, 0x000000008a200000|100%| E|CS|TAMS 0x000000008a100000| PB 0x000000008a100000| Complete 
|  74|0x000000008a200000, 0x000000008a300000, 0x000000008a300000|100%| E|CS|TAMS 0x000000008a200000| PB 0x000000008a200000| Complete 
|  75|0x000000008a300000, 0x000000008a400000, 0x000000008a400000|100%| E|CS|TAMS 0x000000008a300000| PB 0x000000008a300000| Complete 
|  76|0x000000008a400000, 0x000000008a500000, 0x000000008a500000|100%| E|CS|TAMS 0x000000008a400000| PB 0x000000008a400000| Complete 
|  77|0x000000008a500000, 0x000000008a600000, 0x000000008a600000|100%| E|CS|TAMS 0x000000008a500000| PB 0x000000008a500000| Complete 
|  78|0x000000008a600000, 0x000000008a700000, 0x000000008a700000|100%| E|CS|TAMS 0x000000008a600000| PB 0x000000008a600000| Complete 
|  79|0x000000008a700000, 0x000000008a800000, 0x000000008a800000|100%| E|CS|TAMS 0x000000008a700000| PB 0x000000008a700000| Complete 
|  80|0x000000008a800000, 0x000000008a900000, 0x000000008a900000|100%| E|CS|TAMS 0x000000008a800000| PB 0x000000008a800000| Complete 
|  81|0x000000008a900000, 0x000000008aa00000, 0x000000008aa00000|100%| E|CS|TAMS 0x000000008a900000| PB 0x000000008a900000| Complete 
|  82|0x000000008aa00000, 0x000000008ab00000, 0x000000008ab00000|100%| E|CS|TAMS 0x000000008aa00000| PB 0x000000008aa00000| Complete 
|  83|0x000000008ab00000, 0x000000008ac00000, 0x000000008ac00000|100%| E|CS|TAMS 0x000000008ab00000| PB 0x000000008ab00000| Complete 
|  84|0x000000008ac00000, 0x000000008ad00000, 0x000000008ad00000|100%| E|CS|TAMS 0x000000008ac00000| PB 0x000000008ac00000| Complete 
|  85|0x000000008ad00000, 0x000000008ae00000, 0x000000008ae00000|100%| E|CS|TAMS 0x000000008ad00000| PB 0x000000008ad00000| Complete 
|  86|0x000000008ae00000, 0x000000008af00000, 0x000000008af00000|100%| E|CS|TAMS 0x000000008ae00000| PB 0x000000008ae00000| Complete 
|  87|0x000000008af00000, 0x000000008b000000, 0x000000008b000000|100%| E|CS|TAMS 0x000000008af00000| PB 0x000000008af00000| Complete 
|  88|0x000000008b000000, 0x000000008b100000, 0x000000008b100000|100%| E|CS|TAMS 0x000000008b000000| PB 0x000000008b000000| Complete 
| 122|0x000000008d200000, 0x000000008d300000, 0x000000008d300000|100%| E|CS|TAMS 0x000000008d200000| PB 0x000000008d200000| Complete 
| 123|0x000000008d300000, 0x000000008d400000, 0x000000008d400000|100%| E|CS|TAMS 0x000000008d300000| PB 0x000000008d300000| Complete 
|1959|0x00000000fff00000, 0x0000000100000000, 0x0000000100000000|100%| O|  |TAMS 0x00000000fff00000| PB 0x00000000fff00000| Untracked 

Card table byte_map: [0x000002497a7d0000,0x000002497abb0000] _byte_map_base: 0x000002497a3a4000

Marking Bits: (CMBitMap*) 0x000002496eee8450
 Bits: [0x000002497abb0000, 0x000002497ca50000)

Polling page: 0x000002496e650000

Metaspace:

Usage:
  Non-class:     69.58 MB used.
      Class:     11.62 MB used.
       Both:     81.20 MB used.

Virtual space:
  Non-class space:      128.00 MB reserved,      70.12 MB ( 55%) committed,  2 nodes.
      Class space:        1.00 GB reserved,      12.06 MB (  1%) committed,  1 nodes.
             Both:        1.12 GB reserved,      82.19 MB (  7%) committed. 

Chunk freelists:
   Non-Class:  8.94 MB
       Class:  3.79 MB
        Both:  12.73 MB

MaxMetaspaceSize: unlimited
CompressedClassSpaceSize: 1.00 GB
Initial GC threshold: 21.00 MB
Current GC threshold: 112.19 MB
CDS: on
 - commit_granule_bytes: 65536.
 - commit_granule_words: 8192.
 - virtual_space_node_default_size: 8388608.
 - enlarge_chunks_in_place: 1.
 - use_allocation_guard: 0.


Internal statistics:

num_allocs_failed_limit: 9.
num_arena_births: 1492.
num_arena_deaths: 0.
num_vsnodes_births: 3.
num_vsnodes_deaths: 0.
num_space_committed: 1315.
num_space_uncommitted: 0.
num_chunks_returned_to_freelist: 9.
num_chunks_taken_from_freelist: 4499.
num_chunk_merges: 9.
num_chunk_splits: 3223.
num_chunks_enlarged: 2428.
num_inconsistent_stats: 0.

CodeCache: size=49152Kb used=14526Kb max_used=15030Kb free=34625Kb
 bounds [0x00000249772e0000, 0x00000249781c0000, 0x000002497a2e0000]
 total_blobs=9203 nmethods=8404 adapters=722
 compilation: enabled
              stopped_count=0, restarted_count=0
 full_count=0

Compilation events (20 events):
Event: 760.481 Thread 0x000002497f508860 8480       1       org.springframework.http.client.AbstractClientHttpRequest::getHeaders (40 bytes)
Event: 760.488 Thread 0x000002497f508860 nmethod 8480 0x0000024977449890 code [0x0000024977449a60, 0x0000024977449e88]
Event: 760.488 Thread 0x000002497f508860 8481       1       java.nio.charset.CharsetEncoder::averageBytesPerChar (5 bytes)
Event: 760.488 Thread 0x000002497f508860 nmethod 8481 0x0000024977449590 code [0x0000024977449720, 0x00000249774497e8]
Event: 760.491 Thread 0x000002497f508860 8485       1       org.apache.hc.client5.http.impl.classic.ExecChainElement$$Lambda/0x0000024901aa4ac8::proceed (10 bytes)
Event: 760.491 Thread 0x000002497f508860 nmethod 8485 0x0000024977449210 code [0x00000249774493c0, 0x00000249774494b8]
Event: 760.493 Thread 0x000002497f508860 8486       1       org.apache.hc.core5.http.message.BasicLineParser::parseHeader (150 bytes)
Event: 760.496 Thread 0x000002497f508860 nmethod 8486 0x0000024977448690 code [0x00000249774488c0, 0x0000024977448e78]
Event: 760.497 Thread 0x000002497f508860 8487       1       org.apache.hc.core5.http.message.AbstractHeaderElementIterator::parseNextElement (107 bytes)
Event: 760.500 Thread 0x000002497f508860 nmethod 8487 0x0000024977448010 code [0x00000249774481e0, 0x0000024977448518]
Event: 760.500 Thread 0x000002497f508860 8490       1       org.apache.hc.client5.http.impl.classic.CloseableHttpResponse::containsHeader (11 bytes)
Event: 760.500 Thread 0x000002497f508860 nmethod 8490 0x0000024977447c90 code [0x0000024977447e40, 0x0000024977447f38]
Event: 760.500 Thread 0x000002497f508860 8491       1       org.springframework.http.support.HttpComponentsHeadersAdapter$EntryIterator::hasNext (10 bytes)
Event: 760.500 Thread 0x000002497f508860 nmethod 8491 0x0000024977447910 code [0x0000024977447ac0, 0x0000024977447bb8]
Event: 760.500 Thread 0x000002497f508860 8488       1       org.apache.hc.core5.http.message.AbstractHeaderElementIterator::bufferHeaderValue (134 bytes)
Event: 760.502 Thread 0x000002497f508860 nmethod 8488 0x0000024977446d10 code [0x0000024977446f40, 0x0000024977447658]
Event: 760.502 Thread 0x000002497f508860 8489       1       com.fasterxml.jackson.databind.DeserializationConfig::isEnabled (18 bytes)
Event: 760.505 Thread 0x000002497f508860 nmethod 8489 0x0000024977446a10 code [0x0000024977446ba0, 0x0000024977446c88]
Event: 760.505 Thread 0x000002497f508860 8492       1       java.lang.invoke.DirectMethodHandle$Holder::invokeStatic (17 bytes)
Event: 760.505 Thread 0x000002497f508860 nmethod 8492 0x0000024977446610 code [0x00000249774467c0, 0x00000249774468e8]

GC Heap History (20 events):
Event: 4.686 GC heap after
{Heap after GC invocations=9 (full 0):
 garbage-first heap   total 77824K, used 29079K [0x0000000085800000, 0x0000000100000000)
  region size 1024K, 2 young (2048K), 2 survivors (2048K)
 Metaspace       used 34126K, committed 34688K, reserved 1114112K
  class space    used 4701K, committed 4992K, reserved 1048576K
}
Event: 5.458 GC heap before
{Heap before GC invocations=10 (full 0):
 garbage-first heap   total 77824K, used 62871K [0x0000000085800000, 0x0000000100000000)
  region size 1024K, 36 young (36864K), 2 survivors (2048K)
 Metaspace       used 43469K, committed 44032K, reserved 1114112K
  class space    used 5998K, committed 6272K, reserved 1048576K
}
Event: 5.462 GC heap after
{Heap after GC invocations=11 (full 0):
 garbage-first heap   total 77824K, used 30611K [0x0000000085800000, 0x0000000100000000)
  region size 1024K, 5 young (5120K), 5 survivors (5120K)
 Metaspace       used 43469K, committed 44032K, reserved 1114112K
  class space    used 5998K, committed 6272K, reserved 1048576K
}
Event: 6.182 GC heap before
{Heap before GC invocations=11 (full 0):
 garbage-first heap   total 77824K, used 64403K [0x0000000085800000, 0x0000000100000000)
  region size 1024K, 38 young (38912K), 5 survivors (5120K)
 Metaspace       used 53394K, committed 54080K, reserved 1114112K
  class space    used 7464K, committed 7808K, reserved 1048576K
}
Event: 6.187 GC heap after
{Heap after GC invocations=12 (full 0):
 garbage-first heap   total 77824K, used 32704K [0x0000000085800000, 0x0000000100000000)
  region size 1024K, 5 young (5120K), 5 survivors (5120K)
 Metaspace       used 53394K, committed 54080K, reserved 1114112K
  class space    used 7464K, committed 7808K, reserved 1048576K
}
Event: 6.644 GC heap before
{Heap before GC invocations=12 (full 0):
 garbage-first heap   total 77824K, used 52160K [0x0000000085800000, 0x0000000100000000)
  region size 1024K, 25 young (25600K), 5 survivors (5120K)
 Metaspace       used 57531K, committed 58176K, reserved 1114112K
  class space    used 8142K, committed 8448K, reserved 1048576K
}
Event: 6.649 GC heap after
{Heap after GC invocations=13 (full 0):
 garbage-first heap   total 77824K, used 33291K [0x0000000085800000, 0x0000000100000000)
  region size 1024K, 4 young (4096K), 4 survivors (4096K)
 Metaspace       used 57531K, committed 58176K, reserved 1114112K
  class space    used 8142K, committed 8448K, reserved 1048576K
}
Event: 8.036 GC heap before
{Heap before GC invocations=14 (full 0):
 garbage-first heap   total 77824K, used 67083K [0x0000000085800000, 0x0000000100000000)
  region size 1024K, 37 young (37888K), 4 survivors (4096K)
 Metaspace       used 62102K, committed 62848K, reserved 1114112K
  class space    used 8848K, committed 9216K, reserved 1048576K
}
Event: 8.042 GC heap after
{Heap after GC invocations=15 (full 0):
 garbage-first heap   total 77824K, used 36019K [0x0000000085800000, 0x0000000100000000)
  region size 1024K, 4 young (4096K), 4 survivors (4096K)
 Metaspace       used 62102K, committed 62848K, reserved 1114112K
  class space    used 8848K, committed 9216K, reserved 1048576K
}
Event: 8.413 GC heap before
{Heap before GC invocations=15 (full 0):
 garbage-first heap   total 77824K, used 66739K [0x0000000085800000, 0x0000000100000000)
  region size 1024K, 35 young (35840K), 4 survivors (4096K)
 Metaspace       used 64310K, committed 65088K, reserved 1114112K
  class space    used 9134K, committed 9472K, reserved 1048576K
}
Event: 8.419 GC heap after
{Heap after GC invocations=16 (full 0):
 garbage-first heap   total 77824K, used 38307K [0x0000000085800000, 0x0000000100000000)
  region size 1024K, 3 young (3072K), 3 survivors (3072K)
 Metaspace       used 64310K, committed 65088K, reserved 1114112K
  class space    used 9134K, committed 9472K, reserved 1048576K
}
Event: 8.847 GC heap before
{Heap before GC invocations=16 (full 0):
 garbage-first heap   total 77824K, used 69027K [0x0000000085800000, 0x0000000100000000)
  region size 1024K, 33 young (33792K), 3 survivors (3072K)
 Metaspace       used 67839K, committed 68672K, reserved 1114112K
  class space    used 9617K, committed 9984K, reserved 1048576K
}
Event: 8.853 GC heap after
{Heap after GC invocations=17 (full 0):
 garbage-first heap   total 77824K, used 40338K [0x0000000085800000, 0x0000000100000000)
  region size 1024K, 5 young (5120K), 5 survivors (5120K)
 Metaspace       used 67839K, committed 68672K, reserved 1114112K
  class space    used 9617K, committed 9984K, reserved 1048576K
}
Event: 9.233 GC heap before
{Heap before GC invocations=18 (full 0):
 garbage-first heap   total 77824K, used 66962K [0x0000000085800000, 0x0000000100000000)
  region size 1024K, 31 young (31744K), 5 survivors (5120K)
 Metaspace       used 69837K, committed 70592K, reserved 1114112K
  class space    used 9958K, committed 10304K, reserved 1048576K
}
Event: 9.240 GC heap after
{Heap after GC invocations=19 (full 0):
 garbage-first heap   total 77824K, used 42865K [0x0000000085800000, 0x0000000100000000)
  region size 1024K, 3 young (3072K), 3 survivors (3072K)
 Metaspace       used 69837K, committed 70592K, reserved 1114112K
  class space    used 9958K, committed 10304K, reserved 1048576K
}
Event: 9.821 GC heap before
{Heap before GC invocations=19 (full 0):
 garbage-first heap   total 77824K, used 68465K [0x0000000085800000, 0x0000000100000000)
  region size 1024K, 28 young (28672K), 3 survivors (3072K)
 Metaspace       used 74676K, committed 75520K, reserved 1114112K
  class space    used 10688K, committed 11072K, reserved 1048576K
}
Event: 9.828 GC heap after
{Heap after GC invocations=20 (full 0):
 garbage-first heap   total 94208K, used 44866K [0x0000000085800000, 0x0000000100000000)
  region size 1024K, 3 young (3072K), 3 survivors (3072K)
 Metaspace       used 74676K, committed 75520K, reserved 1114112K
  class space    used 10688K, committed 11072K, reserved 1048576K
}
Event: 13.323 GC heap before
{Heap before GC invocations=20 (full 0):
 garbage-first heap   total 94208K, used 81730K [0x0000000085800000, 0x0000000100000000)
  region size 1024K, 40 young (40960K), 3 survivors (3072K)
 Metaspace       used 81799K, committed 82752K, reserved 1179648K
  class space    used 11703K, committed 12160K, reserved 1048576K
}
Event: 13.328 GC heap after
{Heap after GC invocations=21 (full 0):
 garbage-first heap   total 94208K, used 46800K [0x0000000085800000, 0x0000000100000000)
  region size 1024K, 5 young (5120K), 5 survivors (5120K)
 Metaspace       used 81799K, committed 82752K, reserved 1179648K
  class space    used 11703K, committed 12160K, reserved 1048576K
}
Event: 785.358 GC heap before
{Heap before GC invocations=21 (full 0):
 garbage-first heap   total 94208K, used 80592K [0x0000000085800000, 0x0000000100000000)
  region size 1024K, 39 young (39936K), 5 survivors (5120K)
 Metaspace       used 83144K, committed 84160K, reserved 1179648K
  class space    used 11895K, committed 12352K, reserved 1048576K
}

Dll operation events (13 events):
Event: 0.011 Loaded shared library C:\Program Files\Java\jdk-21\bin\java.dll
Event: 0.193 Loaded shared library C:\Program Files\Java\jdk-21\bin\zip.dll
Event: 0.197 Loaded shared library C:\Program Files\Java\jdk-21\bin\instrument.dll
Event: 0.202 Loaded shared library C:\Program Files\Java\jdk-21\bin\net.dll
Event: 0.204 Loaded shared library C:\Program Files\Java\jdk-21\bin\nio.dll
Event: 0.207 Loaded shared library C:\Program Files\Java\jdk-21\bin\zip.dll
Event: 0.361 Loaded shared library C:\Program Files\JetBrains\IntelliJ IDEA 2023.1.1\bin\breakgen64.dll
Event: 0.369 Loaded shared library C:\Program Files\Java\jdk-21\bin\jimage.dll
Event: 0.375 Loaded shared library C:\Program Files\Java\jdk-21\bin\extnet.dll
Event: 0.395 Loaded shared library C:\Program Files\Java\jdk-21\bin\management.dll
Event: 0.412 Loaded shared library C:\Program Files\Java\jdk-21\bin\management_ext.dll
Event: 2.140 Loaded shared library C:\Program Files\Java\jdk-21\bin\sunmscapi.dll
Event: 5.085 Loaded shared library C:\Program Files\Java\jdk-21\bin\verify.dll

Deoptimization events (20 events):
Event: 0.554 Thread 0x000002496cd21f10 DEOPT PACKING pc=0x0000024977648e5d sp=0x000000e739efd050
Event: 0.554 Thread 0x000002496cd21f10 DEOPT UNPACKING pc=0x0000024977334e42 sp=0x000000e739efc500 mode 3
Event: 0.565 Thread 0x000002496cd21f10 DEOPT PACKING pc=0x00000249776ec660 sp=0x000000e739efcf50
Event: 0.565 Thread 0x000002496cd21f10 DEOPT UNPACKING pc=0x0000024977334e42 sp=0x000000e739efc408 mode 3
Event: 1.890 Thread 0x000002497f7394a0 DEOPT PACKING pc=0x000002497798f8f9 sp=0x000000e73bbfd050
Event: 1.890 Thread 0x000002497f7394a0 DEOPT UNPACKING pc=0x0000024977334e42 sp=0x000000e73bbfc530 mode 3
Event: 3.673 Thread 0x000002497f7394a0 DEOPT PACKING pc=0x0000024977c116f9 sp=0x000000e73bbfc920
Event: 3.673 Thread 0x000002497f7394a0 DEOPT UNPACKING pc=0x0000024977334e42 sp=0x000000e73bbfbe00 mode 3
Event: 3.799 Thread 0x000002497f7394a0 DEOPT PACKING pc=0x0000024977b46e94 sp=0x000000e73bbfce10
Event: 3.799 Thread 0x000002497f7394a0 DEOPT UNPACKING pc=0x0000024977334e42 sp=0x000000e73bbfc2c8 mode 0
Event: 4.585 Thread 0x000002497f7394a0 DEOPT PACKING pc=0x0000024977ca5d1d sp=0x000000e73bbfc080
Event: 4.585 Thread 0x000002497f7394a0 DEOPT UNPACKING pc=0x0000024977334e42 sp=0x000000e73bbfb5e8 mode 3
Event: 7.605 Thread 0x000002497f7394a0 DEOPT PACKING pc=0x0000024977989c99 sp=0x000000e73bbfbe50
Event: 7.605 Thread 0x000002497f7394a0 DEOPT UNPACKING pc=0x0000024977334e42 sp=0x000000e73bbfb358 mode 3
Event: 7.606 Thread 0x000002497f7394a0 DEOPT PACKING pc=0x000002497797cdea sp=0x000000e73bbfbe10
Event: 7.606 Thread 0x000002497f7394a0 DEOPT UNPACKING pc=0x0000024977334e42 sp=0x000000e73bbfb358 mode 3
Event: 7.716 Thread 0x000002497f7394a0 DEOPT PACKING pc=0x000002497799b124 sp=0x000000e73bbfc2a0
Event: 7.716 Thread 0x000002497f7394a0 DEOPT UNPACKING pc=0x0000024977334e42 sp=0x000000e73bbfb7f8 mode 0
Event: 8.865 Thread 0x000002497f73aee0 DEOPT PACKING pc=0x0000024977bb9cbc sp=0x000000e73bcfeb50
Event: 8.865 Thread 0x000002497f73aee0 DEOPT UNPACKING pc=0x0000024977334e42 sp=0x000000e73bcfe008 mode 0

Classes loaded (20 events):
Event: 13.274 Loading class sun/nio/ch/SelectionKeyImpl
Event: 13.274 Loading class java/nio/channels/spi/AbstractSelectionKey
Event: 13.274 Loading class java/nio/channels/SelectionKey
Event: 13.274 Loading class java/nio/channels/SelectionKey done
Event: 13.274 Loading class java/nio/channels/spi/AbstractSelectionKey done
Event: 13.274 Loading class sun/nio/ch/SelectionKeyImpl done
Event: 13.275 Loading class java/lang/invoke/ConstantBootstraps
Event: 13.275 Loading class java/lang/invoke/ConstantBootstraps done
Event: 13.444 Loading class java/util/stream/LongStream
Event: 13.444 Loading class java/util/stream/LongStream done
Event: 13.444 Loading class java/util/stream/DoubleStream
Event: 13.444 Loading class java/util/stream/DoubleStream done
Event: 45.193 Loading class java/util/concurrent/ConcurrentSkipListMap$SubMap
Event: 45.194 Loading class java/util/concurrent/ConcurrentSkipListMap$SubMap done
Event: 45.194 Loading class java/util/concurrent/ConcurrentSkipListMap$Values
Event: 45.195 Loading class java/util/concurrent/ConcurrentSkipListMap$Values done
Event: 45.195 Loading class java/util/concurrent/ConcurrentSkipListMap$SubMap$SubMapValueIterator
Event: 45.195 Loading class java/util/concurrent/ConcurrentSkipListMap$SubMap$SubMapIter
Event: 45.195 Loading class java/util/concurrent/ConcurrentSkipListMap$SubMap$SubMapIter done
Event: 45.196 Loading class java/util/concurrent/ConcurrentSkipListMap$SubMap$SubMapValueIterator done

Classes unloaded (0 events):
No events

Classes redefined (0 events):
No events

Internal exceptions (20 events):
Event: 9.988 Thread 0x000002497f7394a0 Exception <a 'java/lang/NoSuchMethodError'{0x000000008ab89080}: 'java.lang.Object java.lang.invoke.DirectMethodHandle$Holder.invokeInterface(java.lang.Object, java.lang.Object, java.lang.Object, int, int, int, java.lang.Object)'> (0x000000008ab89080) 
thrown [s\open\src\hotspot\share\interpreter\linkResolver.cpp, line 773]
Event: 9.988 Thread 0x000002497f7394a0 Exception <a 'java/lang/NoSuchMethodError'{0x000000008ab8d180}: 'java.lang.Object java.lang.invoke.DirectMethodHandle$Holder.invokeSpecial(java.lang.Object, java.lang.Object, java.lang.Object, java.lang.Object, int, int, int, java.lang.Object)'> (0x000000008ab8d180) 
thrown [s\open\src\hotspot\share\interpreter\linkResolver.cpp, line 773]
Event: 9.988 Thread 0x000002497f7394a0 Exception <a 'java/lang/NoSuchMethodError'{0x000000008ab90b38}: 'java.lang.Object java.lang.invoke.DelegatingMethodHandle$Holder.reinvoke_L(java.lang.Object, java.lang.Object, java.lang.Object, int, int, int, java.lang.Object)'> (0x000000008ab90b38) 
thrown [s\open\src\hotspot\share\interpreter\linkResolver.cpp, line 773]
Event: 9.996 Thread 0x000002497f7394a0 Exception <a 'java/lang/NoSuchMethodError'{0x000000008abac498}: 'java.lang.Object java.lang.invoke.DirectMethodHandle$Holder.invokeInterface(java.lang.Object, java.lang.Object, java.lang.Object, java.lang.Object, java.lang.Object, java.lang.Object)'> (0x000000008abac498) 
thrown [s\open\src\hotspot\share\interpreter\linkResolver.cpp, line 773]
Event: 10.023 Thread 0x0000024948585ab0 Exception <a 'java/lang/NoSuchMethodError'{0x000000008aa4b850}: 'void java.lang.invoke.DirectMethodHandle$Holder.invokeInterface(java.lang.Object, java.lang.Object, int, int)'> (0x000000008aa4b850) 
thrown [s\open\src\hotspot\share\interpreter\linkResolver.cpp, line 773]
Event: 10.024 Thread 0x0000024948585ab0 Exception <a 'java/lang/NoSuchMethodError'{0x000000008aa52730}: 'void java.lang.invoke.DelegatingMethodHandle$Holder.reinvoke_L(java.lang.Object, java.lang.Object, int, int)'> (0x000000008aa52730) 
thrown [s\open\src\hotspot\share\interpreter\linkResolver.cpp, line 773]
Event: 10.029 Thread 0x0000024948585ab0 Exception <a 'java/lang/NoSuchMethodError'{0x000000008aa73700}: 'java.lang.Object java.lang.invoke.DelegatingMethodHandle$Holder.reinvoke_L(java.lang.Object, java.lang.Object, java.lang.Object, int, java.lang.Object, int, int, java.lang.Object, java.lang.Object)'> (0x000000008aa73700) 
thrown [s\open\src\hotspot\share\interpreter\linkResolver.cpp, line 773]
Event: 10.181 Thread 0x000002497f7394a0 Exception <a 'java/lang/NoSuchMethodError'{0x000000008a5d5ea8}: 'java.lang.Object java.lang.invoke.DirectMethodHandle$Holder.invokeInterface(java.lang.Object, java.lang.Object, java.lang.Object, int)'> (0x000000008a5d5ea8) 
thrown [s\open\src\hotspot\share\interpreter\linkResolver.cpp, line 773]
Event: 10.289 Thread 0x000002497f7394a0 Exception <a 'java/lang/NoSuchMethodError'{0x000000008a236630}: 'int java.lang.invoke.DirectMethodHandle$Holder.invokeStatic(java.lang.Object, java.lang.Object, int, int)'> (0x000000008a236630) 
thrown [s\open\src\hotspot\share\interpreter\linkResolver.cpp, line 773]
Event: 10.339 Thread 0x000002497f7394a0 Exception <a 'java/lang/NoSuchMethodError'{0x000000008a19de28}: 'int java.lang.invoke.Invokers$Holder.invokeExact_MT(java.lang.Object, java.lang.Object, java.lang.Object)'> (0x000000008a19de28) 
thrown [s\open\src\hotspot\share\interpreter\linkResolver.cpp, line 773]
Event: 10.340 Thread 0x000002497f7394a0 Exception <a 'java/lang/NoSuchMethodError'{0x000000008a1a6e10}: 'double java.lang.invoke.DelegatingMethodHandle$Holder.reinvoke_L(java.lang.Object, java.lang.Object)'> (0x000000008a1a6e10) 
thrown [s\open\src\hotspot\share\interpreter\linkResolver.cpp, line 773]
Event: 10.340 Thread 0x000002497f7394a0 Exception <a 'java/lang/NoSuchMethodError'{0x000000008a1b1048}: 'void java.lang.invoke.DelegatingMethodHandle$Holder.reinvoke_L(java.lang.Object, java.lang.Object, double)'> (0x000000008a1b1048) 
thrown [s\open\src\hotspot\share\interpreter\linkResolver.cpp, line 773]
Event: 10.341 Thread 0x000002497f7394a0 Exception <a 'java/lang/NoSuchMethodError'{0x000000008a1b7bc8}: 'double java.lang.invoke.Invokers$Holder.invokeExact_MT(java.lang.Object, java.lang.Object, java.lang.Object)'> (0x000000008a1b7bc8) 
thrown [s\open\src\hotspot\share\interpreter\linkResolver.cpp, line 773]
Event: 10.604 Thread 0x000002497f7394a0 Exception <a 'java/lang/NoSuchMethodError'{0x00000000898f1cf8}: 'void java.lang.invoke.DirectMethodHandle$Holder.invokeSpecialIFC(java.lang.Object, java.lang.Object, int, java.lang.Object, java.lang.Object, java.lang.Object, java.lang.Object)'> (0x00000000898f1cf8) 
thrown [s\open\src\hotspot\share\interpreter\linkResolver.cpp, line 773]
Event: 11.412 Thread 0x00000249485867d0 Exception <a 'java/lang/NoSuchMethodError'{0x00000000890c3560}: 'java.lang.Object java.lang.invoke.DirectMethodHandle$Holder.invokeInterface(java.lang.Object, java.lang.Object, java.lang.Object, java.lang.Object, java.lang.Object, java.lang.Object, java.lang.Object)'> (0x00000000890c3560) 
thrown [s\open\src\hotspot\share\interpreter\linkResolver.cpp, line 773]
Event: 13.321 Thread 0x0000024947c13d60 Exception <a 'java/lang/NoSuchMethodError'{0x0000000088eee388}: 'java.lang.Object java.lang.invoke.DirectMethodHandle$Holder.invokeSpecial(java.lang.Object, java.lang.Object, java.lang.Object, java.lang.Object, java.lang.Object, long)'> (0x0000000088eee388) 
thrown [s\open\src\hotspot\share\interpreter\linkResolver.cpp, line 773]
Event: 13.322 Thread 0x0000024947c13d60 Exception <a 'java/lang/NoSuchMethodError'{0x0000000088ef1b48}: 'java.lang.Object java.lang.invoke.Invokers$Holder.linkToTargetMethod(java.lang.Object, java.lang.Object, java.lang.Object, long, java.lang.Object)'> (0x0000000088ef1b48) 
thrown [s\open\src\hotspot\share\interpreter\linkResolver.cpp, line 773]
Event: 13.456 Thread 0x0000024947c13d60 Exception <a 'java/lang/NoSuchMethodError'{0x000000008af4cfc8}: 'void java.lang.invoke.DelegatingMethodHandle$Holder.reinvoke_L(java.lang.Object, java.lang.Object, java.lang.Object, java.lang.Object, int, java.lang.Object, java.lang.Object)'> (0x000000008af4cfc8) 
thrown [s\open\src\hotspot\share\interpreter\linkResolver.cpp, line 773]
Event: 40.877 Thread 0x0000024948585ab0 Exception <a 'java/lang/NoSuchMethodError'{0x000000008ac91ae0}: 'java.lang.Object java.lang.invoke.DirectMethodHandle$Holder.invokeInterface(java.lang.Object, java.lang.Object, java.lang.Object, java.lang.Object)'> (0x000000008ac91ae0) 
thrown [s\open\src\hotspot\share\interpreter\linkResolver.cpp, line 773]
Event: 40.915 Thread 0x0000024948585ab0 Exception <a 'java/lang/NoSuchMethodError'{0x000000008ab58f50}: 'void java.lang.invoke.DelegatingMethodHandle$Holder.reinvoke_L(java.lang.Object, java.lang.Object, long, int)'> (0x000000008ab58f50) 
thrown [s\open\src\hotspot\share\interpreter\linkResolver.cpp, line 773]

ZGC Phase Switch (0 events):
No events

VM Operations (20 events):
Event: 460.380 Executing VM operation: Cleanup done
Event: 470.491 Executing VM operation: Cleanup
Event: 470.491 Executing VM operation: Cleanup done
Event: 551.163 Executing VM operation: Cleanup
Event: 551.163 Executing VM operation: Cleanup done
Event: 580.447 Executing VM operation: Cleanup
Event: 580.448 Executing VM operation: Cleanup done
Event: 610.763 Executing VM operation: Cleanup
Event: 610.763 Executing VM operation: Cleanup done
Event: 641.032 Executing VM operation: Cleanup
Event: 641.032 Executing VM operation: Cleanup done
Event: 655.172 Executing VM operation: Cleanup
Event: 655.172 Executing VM operation: Cleanup done
Event: 671.347 Executing VM operation: Cleanup
Event: 671.347 Executing VM operation: Cleanup done
Event: 700.614 Executing VM operation: Cleanup
Event: 700.614 Executing VM operation: Cleanup done
Event: 730.866 Executing VM operation: Cleanup
Event: 730.866 Executing VM operation: Cleanup done
Event: 785.358 Executing VM operation: G1CollectForAllocation (G1 Evacuation Pause)

Events (20 events):
Event: 11.415 Thread 0x0000024948588f30 Thread exited: 0x0000024948588f30
Event: 11.416 Thread 0x0000024948586e60 Thread added: 0x0000024948586e60
Event: 11.423 Thread 0x0000024948586e60 Thread exited: 0x0000024948586e60
Event: 12.189 Thread 0x000002497f4cb190 Thread exited: 0x000002497f4cb190
Event: 22.043 Thread 0x000002497f4caae0 Thread exited: 0x000002497f4caae0
Event: 39.824 Thread 0x000002494858a970 Thread added: 0x000002494858a970
Event: 39.824 Thread 0x0000024948586e60 Thread added: 0x0000024948586e60
Event: 39.829 Thread 0x000002497f4caae0 Thread added: 0x000002497f4caae0
Event: 39.836 Thread 0x000002494851f050 Thread added: 0x000002494851f050
Event: 40.873 Thread 0x0000024948588f30 Thread added: 0x0000024948588f30
Event: 54.613 Thread 0x000002494851f050 Thread exited: 0x000002494851f050
Event: 58.867 Thread 0x000002497f4caae0 Thread exited: 0x000002497f4caae0
Event: 70.144 Thread 0x00000249485888a0 Thread exited: 0x00000249485888a0
Event: 72.155 Thread 0x00000249485867d0 Thread exited: 0x00000249485867d0
Event: 80.332 Thread 0x000002494858b000 Thread exited: 0x000002494858b000
Event: 84.346 Thread 0x0000024948589c50 Thread added: 0x0000024948589c50
Event: 91.220 Thread 0x000002497f73aee0 Thread exited: 0x000002497f73aee0
Event: 100.701 Thread 0x00000249485874f0 Thread exited: 0x00000249485874f0
Event: 142.799 Thread 0x00000249485888a0 Thread added: 0x00000249485888a0
Event: 309.395 Thread 0x00000249485895c0 Thread added: 0x00000249485895c0


Dynamic libraries:
0x00007ff73f890000 - 0x00007ff73f8a0000 	C:\Program Files\Java\jdk-21\bin\java.exe
0x00007ff9ab110000 - 0x00007ff9ab308000 	C:\Windows\SYSTEM32\ntdll.dll
0x00007ff9a93c0000 - 0x00007ff9a947d000 	C:\Windows\System32\KERNEL32.DLL
0x00007ff9a8a70000 - 0x00007ff9a8d66000 	C:\Windows\System32\KERNELBASE.dll
0x00007ff9a8810000 - 0x00007ff9a8910000 	C:\Windows\System32\ucrtbase.dll
0x00007ff98a3e0000 - 0x00007ff98a3f9000 	C:\Program Files\Java\jdk-21\bin\jli.dll
0x00007ff98a3c0000 - 0x00007ff98a3db000 	C:\Program Files\Java\jdk-21\bin\VCRUNTIME140.dll
0x00007ff9a9480000 - 0x00007ff9a9533000 	C:\Windows\System32\ADVAPI32.dll
0x00007ff9a9540000 - 0x00007ff9a95de000 	C:\Windows\System32\msvcrt.dll
0x00007ff9a9240000 - 0x00007ff9a92df000 	C:\Windows\System32\sechost.dll
0x00007ff9aa3f0000 - 0x00007ff9aa516000 	C:\Windows\System32\RPCRT4.dll
0x00007ff9a8f30000 - 0x00007ff9a8f57000 	C:\Windows\System32\bcrypt.dll
0x00007ff9aa250000 - 0x00007ff9aa3ee000 	C:\Windows\System32\USER32.dll
0x00007ff9a87e0000 - 0x00007ff9a8802000 	C:\Windows\System32\win32u.dll
0x00007ff9971a0000 - 0x00007ff99743a000 	C:\Windows\WinSxS\amd64_microsoft.windows.common-controls_6595b64144ccf1df_6.0.19041.3636_none_60b6a03d71f818d5\COMCTL32.dll
0x00007ff9aa520000 - 0x00007ff9aa54c000 	C:\Windows\System32\GDI32.dll
0x00007ff9a8e10000 - 0x00007ff9a8f2a000 	C:\Windows\System32\gdi32full.dll
0x00007ff9a8d70000 - 0x00007ff9a8e0d000 	C:\Windows\System32\msvcp_win.dll
0x00007ff9a2ef0000 - 0x00007ff9a2efa000 	C:\Windows\SYSTEM32\VERSION.dll
0x00007ff9a97f0000 - 0x00007ff9a9820000 	C:\Windows\System32\IMM32.DLL
0x00007ff98a300000 - 0x00007ff98a30c000 	C:\Program Files\Java\jdk-21\bin\vcruntime140_1.dll
0x00007ff98a270000 - 0x00007ff98a2fe000 	C:\Program Files\Java\jdk-21\bin\msvcp140.dll
0x00007ff989410000 - 0x00007ff98a123000 	C:\Program Files\Java\jdk-21\bin\server\jvm.dll
0x00007ff9aa5b0000 - 0x00007ff9aa61b000 	C:\Windows\System32\WS2_32.dll
0x00007ff9a7d60000 - 0x00007ff9a7dab000 	C:\Windows\SYSTEM32\POWRPROF.dll
0x00007ff99fb80000 - 0x00007ff99fba7000 	C:\Windows\SYSTEM32\WINMM.dll
0x00007ff9a7bd0000 - 0x00007ff9a7be2000 	C:\Windows\SYSTEM32\UMPDC.dll
0x00007ff9a6570000 - 0x00007ff9a6582000 	C:\Windows\SYSTEM32\kernel.appcore.dll
0x00007ff989160000 - 0x00007ff98916a000 	C:\Program Files\Java\jdk-21\bin\jimage.dll
0x00007ff988ef0000 - 0x00007ff9890d4000 	C:\Windows\SYSTEM32\DBGHELP.DLL
0x00007ff988e70000 - 0x00007ff988ea4000 	C:\Windows\SYSTEM32\dbgcore.DLL
0x00007ff9a8f60000 - 0x00007ff9a8fe2000 	C:\Windows\System32\bcryptPrimitives.dll
0x00007ff982a70000 - 0x00007ff982a7f000 	C:\Program Files\Java\jdk-21\bin\instrument.dll
0x00007ff988c50000 - 0x00007ff988c6f000 	C:\Program Files\Java\jdk-21\bin\java.dll
0x00007ff9aa6b0000 - 0x00007ff9aadf5000 	C:\Windows\System32\SHELL32.dll
0x00007ff9a6850000 - 0x00007ff9a6feb000 	C:\Windows\SYSTEM32\windows.storage.dll
0x00007ff9a9a70000 - 0x00007ff9a9dc4000 	C:\Windows\System32\combase.dll
0x00007ff9a8210000 - 0x00007ff9a823d000 	C:\Windows\SYSTEM32\Wldp.dll
0x00007ff9a9820000 - 0x00007ff9a98cd000 	C:\Windows\System32\SHCORE.dll
0x00007ff9aaf50000 - 0x00007ff9aafa5000 	C:\Windows\System32\shlwapi.dll
0x00007ff9a8710000 - 0x00007ff9a8735000 	C:\Windows\SYSTEM32\profapi.dll
0x00007ff9881e0000 - 0x00007ff9881f8000 	C:\Program Files\Java\jdk-21\bin\zip.dll
0x00007ff988550000 - 0x00007ff988560000 	C:\Program Files\Java\jdk-21\bin\net.dll
0x00007ff9a0a50000 - 0x00007ff9a0b5a000 	C:\Windows\SYSTEM32\WINHTTP.dll
0x00007ff9a7f70000 - 0x00007ff9a7fda000 	C:\Windows\system32\mswsock.dll
0x00007ff988200000 - 0x00007ff988216000 	C:\Program Files\Java\jdk-21\bin\nio.dll
0x00007ff9983a0000 - 0x00007ff9983ba000 	C:\Program Files\JetBrains\IntelliJ IDEA 2023.1.1\bin\breakgen64.dll
0x00007ff9957c0000 - 0x00007ff9957c7000 	C:\Program Files\Java\jdk-21\bin\extnet.dll
0x00007ff9a7c40000 - 0x00007ff9a7d0a000 	C:\Windows\SYSTEM32\DNSAPI.dll
0x00007ff9a7bf0000 - 0x00007ff9a7c2b000 	C:\Windows\SYSTEM32\IPHLPAPI.DLL
0x00007ff9aa240000 - 0x00007ff9aa248000 	C:\Windows\System32\NSI.dll
0x00007ff9979a0000 - 0x00007ff9979aa000 	C:\Windows\System32\rasadhlp.dll
0x00007ff9979e0000 - 0x00007ff997a60000 	C:\Windows\System32\fwpuclnt.dll
0x00007ff984330000 - 0x00007ff98433a000 	C:\Program Files\Java\jdk-21\bin\management.dll
0x00007ff984320000 - 0x00007ff98432b000 	C:\Program Files\Java\jdk-21\bin\management_ext.dll
0x00007ff9a9a60000 - 0x00007ff9a9a68000 	C:\Windows\System32\PSAPI.DLL
0x00007ff9a8160000 - 0x00007ff9a8178000 	C:\Windows\SYSTEM32\CRYPTSP.dll
0x00007ff9a77f0000 - 0x00007ff9a7824000 	C:\Windows\system32\rsaenh.dll
0x00007ff9a86d0000 - 0x00007ff9a86fe000 	C:\Windows\SYSTEM32\USERENV.dll
0x00007ff9a8180000 - 0x00007ff9a818c000 	C:\Windows\SYSTEM32\CRYPTBASE.dll
0x00007ff994d70000 - 0x00007ff994d87000 	C:\Windows\system32\napinsp.dll
0x00007ff994d50000 - 0x00007ff994d6b000 	C:\Windows\system32\pnrpnsp.dll
0x00007ff994d00000 - 0x00007ff994d15000 	C:\Windows\system32\wshbth.dll
0x00007ff9a44e0000 - 0x00007ff9a44fd000 	C:\Windows\system32\NLAapi.dll
0x00007ff992e90000 - 0x00007ff992ea2000 	C:\Windows\System32\winrnr.dll
0x00007ff988190000 - 0x00007ff98819e000 	C:\Program Files\Java\jdk-21\bin\sunmscapi.dll
0x00007ff9a8910000 - 0x00007ff9a8a6d000 	C:\Windows\System32\CRYPT32.dll
0x00007ff9a8280000 - 0x00007ff9a82a8000 	C:\Windows\SYSTEM32\ncrypt.dll
0x00007ff9a8240000 - 0x00007ff9a827b000 	C:\Windows\SYSTEM32\NTASN1.dll
0x00007ff988220000 - 0x00007ff988230000 	C:\Program Files\Java\jdk-21\bin\verify.dll
0x00007ff984690000 - 0x00007ff984697000 	C:\Windows\system32\wshunix.dll

dbghelp: loaded successfully - version: 4.0.5 - missing functions: none
symbol engine: initialized successfully - sym options: 0x614 - pdb path: .;C:\Program Files\Java\jdk-21\bin;C:\Windows\SYSTEM32;C:\Windows\WinSxS\amd64_microsoft.windows.common-controls_6595b64144ccf1df_6.0.19041.3636_none_60b6a03d71f818d5;C:\Program Files\Java\jdk-21\bin\server;C:\Program Files\JetBrains\IntelliJ IDEA 2023.1.1\bin

VM Arguments:
jvm_args: -XX:TieredStopAtLevel=1 -Dspring.output.ansi.enabled=always -Dcom.sun.management.jmxremote -Dspring.jmx.enabled=true -Dspring.liveBeansView.mbeanDomain -Dspring.application.admin.enabled=true -Dmanagement.endpoints.jmx.exposure.include=* -javaagent:C:\Program Files\JetBrains\IntelliJ IDEA 2023.1.1\lib\idea_rt.jar=58911:C:\Program Files\JetBrains\IntelliJ IDEA 2023.1.1\bin -Dfile.encoding=UTF-8 -Dsun.stdout.encoding=UTF-8 -Dsun.stderr.encoding=UTF-8 
java_command: emsi.cg.terrain.TerrainApplication
java_class_path (initial): C:\Users\casper\Documents\emsi5\achbaro\TNb\TNB_jee\terrain\target\classes;C:\Users\casper\.m2\repository\org\springframework\boot\spring-boot-starter-amqp\3.2.1\spring-boot-starter-amqp-3.2.1.jar;C:\Users\casper\.m2\repository\org\springframework\boot\spring-boot-starter\3.2.1\spring-boot-starter-3.2.1.jar;C:\Users\casper\.m2\repository\org\springframework\boot\spring-boot-starter-logging\3.2.1\spring-boot-starter-logging-3.2.1.jar;C:\Users\casper\.m2\repository\ch\qos\logback\logback-classic\1.4.14\logback-classic-1.4.14.jar;C:\Users\casper\.m2\repository\ch\qos\logback\logback-core\1.4.14\logback-core-1.4.14.jar;C:\Users\casper\.m2\repository\org\apache\logging\log4j\log4j-to-slf4j\2.21.1\log4j-to-slf4j-2.21.1.jar;C:\Users\casper\.m2\repository\org\apache\logging\log4j\log4j-api\2.21.1\log4j-api-2.21.1.jar;C:\Users\casper\.m2\repository\org\slf4j\jul-to-slf4j\2.0.9\jul-to-slf4j-2.0.9.jar;C:\Users\casper\.m2\repository\jakarta\annotation\jakarta.annotation-api\2.1.1\jakarta.annotation-api-2.1.1.jar;C:\Users\casper\.m2\repository\org\yaml\snakeyaml\2.2\snakeyaml-2.2.jar;C:\Users\casper\.m2\repository\org\springframework\spring-messaging\6.1.2\spring-messaging-6.1.2.jar;C:\Users\casper\.m2\repository\org\springframework\spring-beans\6.1.2\spring-beans-6.1.2.jar;C:\Users\casper\.m2\repository\org\springframework\amqp\spring-rabbit\3.1.1\spring-rabbit-3.1.1.jar;C:\Users\casper\.m2\repository\org\springframework\amqp\spring-amqp\3.1.1\spring-amqp-3.1.1.jar;C:\Users\casper\.m2\repository\org\springframework\retry\spring-retry\2.0.5\spring-retry-2.0.5.jar;C:\Users\casper\.m2\repository\com\rabbitmq\amqp-client\5.19.0\amqp-client-5.19.0.jar;C:\Users\casper\.m2\repository\org\springframework\spring-context\6.1.2\spring-context-6.1.2.jar;C:\Users\casper\.m2\repository\org\springframework\spring-tx\6.1.2\spring-tx-6.1.2.jar;C:\Users\casper\.m2\repository\io\micrometer\micrometer-observation\1.12.1\micrometer-observation-1.12.1.jar;C:\Users\casper\.m2\repository\io\micrometer\micrometer-commons\1.12.1\micrometer-commons-1.12.1.jar;C:\Users\casper\.m2\repository\org\springframework\boot\spring-boot-starter-data-jpa\3.2.1\spring-boot-starter-data-jpa-3.2.1.jar;C:\Users\casper\.m2\repository\org\springframework\boot\spring-boot-starter-aop\3.2.1\spring-boot-starter-aop-3.2.1.jar;C:\Users\casper\.m2\repository\org\springframework\spring-aop\6.1.2\spring-aop-6.1.2.jar;C:\Users\casper\.m2\repository\org\aspectj\aspectjweaver\1.9.21\aspectjweaver-1.9.21.jar;C:\Users\casper\.m2\repository\org\springframework\boot\spring-boot-starter-jdbc\3.2.1\spring-boot-starter-jdbc-3.2.1.jar;C:\Users\casper\.m2\repository\com\zaxxer\HikariCP\5.0.1\HikariCP-5.0.1.jar;C:\Users\casper\.m2\repository\org\springframework\spring-jdbc\6.1.2\spring-jdbc-6.1.2.jar;C:\Users\casper\.m2\repository\org\hibernate\orm\hibernate-core\6.4.1.Final\hibernate-core-6.4.1.Final.jar;C:\Users\casper\.m2\repository\jakarta\persistence\jakarta.persistence-api\3.1.0\jakarta.persistence-api-3.1.0.jar;C:\Users\casper\.m2\repository\jakarta\transaction\jakarta.transaction-api\2.0.1\jakarta.transaction-api-2.0.1.jar;C:\Users\casper\.m2\repository\org\jboss\logging\jboss-logging\3.5.3.Final\jboss-logging-3.5.3.Final.jar;C:\Users\casper\.m2\repository\org\hibernate\common\hibernate-commons-annotations\6.0.6.Final\hibernate-commons-annotations-6.0.6.Final.jar;C:\Users\casper\.m2\repository\io\smallrye\jandex\3.1.2\jandex-3.1.2.jar;C:\Users\casper\.m2\repository\com\fasterxml\classmate\1.6.0\classmate-1.6.0.jar;C:\Users\casper\.m2\repository\net\bytebuddy\byte-buddy\1.14.10\byte-buddy-1.14.10.jar;C:\Users\casper\.m2\repository\org\glassfish\jaxb\jaxb-runtime\4.0.4\jaxb-runtime-4.0.4.jar;C:\Users\casper\.m2\repository\org\glassfish\jaxb\jaxb-core\4.0.4\jaxb-core-4.0.4.jar;C:\Users\casper\.m2\repository\org\eclipse\angus\angus-activation\2.0.1\angus-activation-2.0.1.jar;C:\Users\casper\.m2\repository\org\glassfish\jaxb\txw2\4.0.4\txw2-4.0.4.jar;C:\Users\casper\.m2\repository\com\sun\istack\istack-commons-runtime\4.1.2\istack-commons-runtime-4.1.2.jar;C:\Users\casper\.m2\repository\jakarta\inject\jakarta.inject-api\2.0.1\jakarta.inject-api-2.0.1.jar;C:\Users\casper\.m2\repository\org\antlr\antlr4-runtime\4.13.0\antlr4-runtime-4.13.0.jar;C:\Users\casper\.m2\repository\org\springframework\data\spring-data-jpa\3.2.1\spring-data-jpa-3.2.1.jar;C:\Users\casper\.m2\repository\org\springframework\data\spring-data-commons\3.2.1\spring-data-commons-3.2.1.jar;C:\Users\casper\.m2\repository\org\springframework\spring-orm\6.1.2\spring-orm-6.1.2.jar;C:\Users\casper\.m2\repository\org\slf4j\slf4j-api\2.0.9\slf4j-api-2.0.9.jar;C:\Users\casper\.m2\repository\org\springframework\spring-aspects\6.1.2\spring-aspects-6.1.2.jar;C:\Users\casper\.m2\repository\com\fasterxml\jackson\core\jackson-databind\2.15.3\jackson-databind-2.15.3.jar;C:\Users\casper\.m2\repository\com\fasterxml\jackson\core\jackson-core\2.15.3\jackson-core-2.15.3.jar;C:\Users\casper\.m2\repository\org\springframework\boot\spring-boot-starter-web\3.2.1\spring-boot-starter-web-3.2.1.jar;C:\Users\casper\.m2\repository\org\springframework\boot\spring-boot-starter-json\3.2.1\spring-boot-starter-json-3.2.1.jar;C:\Users\casper\.m2\repository\com\fasterxml\jackson\datatype\jackson-datatype-jdk8\2.15.3\jackson-datatype-jdk8-2.15.3.jar;C:\Users\casper\.m2\repository\com\fasterxml\jackson\datatype\jackson-datatype-jsr310\2.15.3\jackson-datatype-jsr310-2.15.3.jar;C:\Users\casper\.m2\repository\com\fasterxml\jackson\module\jackson-module-parameter-names\2.15.3\jackson-module-parameter-names-2.15.3.jar;C:\Users\casper\.m2\repository\org\springframework\boot\spring-boot-starter-tomcat\3.2.1\spring-boot-starter-tomcat-3.2.1.jar;C:\Users\casper\.m2\repository\org\apache\tomcat\embed\tomcat-embed-core\10.1.17\tomcat-embed-core-10.1.17.jar;C:\Users\casper\.m2\repository\org\apache\tomcat\embed\tomcat-embed-el\10.1.17\tomcat-embed-el-10.1.17.jar;C:\Users\casper\.m2\repository\org\apache\tomcat\embed\tomcat-embed-websocket\10.1.17\tomcat-embed-websocket-10.1.17.jar;C:\Users\casper\.m2\repository\org\springframework\spring-web\6.1.2\spring-web-6.1.2.jar;C:\Users\casper\.m2\repository\org\springframework\spring-webmvc\6.1.2\spring-webmvc-6.1.2.jar;C:\Users\casper\.m2\repository\org\springframework\spring-expression\6.1.2\spring-expression-6.1.2.jar;C:\Users\casper\.m2\repository\org\springframework\cloud\spring-cloud-starter-netflix-eureka-client\4.1.0\spring-cloud-starter-netflix-eureka-client-4.1.0.jar;C:\Users\casper\.m2\repository\org\springframework\cloud\spring-cloud-starter\4.1.0\spring-cloud-starter-4.1.0.jar;C:\Users\casper\.m2\repository\org\springframework\cloud\spring-cloud-context\4.1.0\spring-cloud-context-4.1.0.jar;C:\Users\casper\.m2\repository\org\springframework\security\spring-security-rsa\1.1.1\spring-security-rsa-1.1.1.jar;C:\Users\casper\.m2\repository\org\bouncycastle\bcprov-jdk18on\1.74\bcprov-jdk18on-1.74.jar;C:\Users\casper\.m2\repository\org\springframework\cloud\spring-cloud-netflix-eureka-client\4.1.0\spring-cloud-netflix-eureka-client-4.1.0.jar;C:\Users\casper\.m2\repository\org\apache\httpcomponents\client5\httpclient5\5.2.3\httpclient5-5.2.3.jar;C:\Users\casper\.m2\repository\org\apache\httpcomponents\core5\httpcore5\5.2.4\httpcore5-5.2.4.jar;C:\Users\casper\.m2\repository\org\apache\httpcomponents\core5\httpcore5-h2\5.2.4\httpcore5-h2-5.2.4.jar;C:\Users\casper\.m2\repository\com\netflix\eureka\eureka-client\2.0.1\eureka-client-2.0.1.jar;C:\Users\casper\.m2\repository\com\netflix\netflix-commons\netflix-eventbus\0.3.0\netflix-eventbus-0.3.0.jar;C:\Users\casper\.m2\repository\com\netflix\netflix-commons\netflix-infix\0.3.0\netflix-infix-0.3.0.jar;C:\Users\casper\.m2\repository\commons-jxpath\commons-jxpath\1.3\commons-jxpath-1.3.jar;C:\Users\casper\.m2\repository\joda-time\joda-time\2.3\joda-time-2.3.jar;C:\Users\casper\.m2\repository\org\antlr\antlr-runtime\3.4\antlr-runtime-3.4.jar;C:\Users\casper\.m2\repository\org\antlr\stringtemplate\3.2.1\stringtemplate-3.2.1.jar;C:\Users\casper\.m2\repository\antlr\antlr\2.7.7\antlr-2.7.7.jar;C:\Users\casper\.m2\repository\com\google\code\gson\gson\2.10.1\gson-2.10.1.jar;C:\Users\casper\.m2\repository\org\apache\commons\commons-math\2.2\commons-math-2.2.jar;C:\Users\casper\.m2\repository\com\thoughtworks\xstream\xstream\1.4.19\xstream-1.4.19.jar;C:\Users\casper\.m2\repository\io\github\x-stream\mxparser\1.2.2\mxparser-1.2.2.jar;C:\Users\casper\.m2\repository\xmlpull\xmlpull\1.1.3.1\xmlpull-1.1.3.1.jar;C:\Users\casper\.m2\repository\jakarta\ws\rs\jakarta.ws.rs-api\3.1.0\jakarta.ws.rs-api-3.1.0.jar;C:\Users\casper\.m2\repository\com\netflix\servo\servo-core\0.12.21\servo-core-0.12.21.jar;C:\Users\casper\.m2\repository\com\google\guava\guava\19.0\guava-19.0.jar;C:\Users\casper\.m2\repository\org\apache\httpcomponents\httpclient\4.5.3\httpclient-4.5.3.jar;C:\Users\casper\.m2\repository\org\apache\httpcomponents\httpcore\4.4.16\httpcore-4.4.16.jar;C:\Users\casper\.m2\repository\commons-codec\commons-codec\1.16.0\commons-codec-1.16.0.jar;C:\Users\casper\.m2\repository\commons-configuration\commons-configuration\1.10\commons-configuration-1.10.jar;C:\Users\casper\.m2\repository\commons-lang\commons-lang\2.6\commons-lang-2.6.jar;C:\Users\casper\.m2\repository\com\fasterxml\jackson\core\jackson-annotations\2.15.3\jackson-annotations-2.15.3.jar;C:\Users\casper\.m2\repository\org\codehaus\jettison\jettison\1.4.0\jettison-1.4.0.jar;C:\Users\casper\.m2\repository\com\netflix\eureka\eureka-core\2.0.1\eureka-core-2.0.1.jar;C:\Users\casper\.m2\repository\com\fasterxml\woodstox\woodstox-core\6.2.1\woodstox-core-6.2.1.jar;C:\Users\casper\.m2\repository\org\codehaus\woodstox\stax2-api\4.2.1\stax2-api-4.2.1.jar;C:\Users\casper\.m2\repository\org\springframework\cloud\spring-cloud-starter-loadbalancer\4.1.0\spring-cloud-starter-loadbalancer-4.1.0.jar;C:\Users\casper\.m2\repository\org\springframework\cloud\spring-cloud-loadbalancer\4.1.0\spring-cloud-loadbalancer-4.1.0.jar;C:\Users\casper\.m2\repository\io\projectreactor\reactor-core\3.6.1\reactor-core-3.6.1.jar;C:\Users\casper\.m2\repository\org\reactivestreams\reactive-streams\1.0.4\reactive-streams-1.0.4.jar;C:\Users\casper\.m2\repository\io\projectreactor\addons\reactor-extra\3.5.1\reactor-extra-3.5.1.jar;C:\Users\casper\.m2\repository\org\springframework\boot\spring-boot-starter-cache\3.2.1\spring-boot-starter-cache-3.2.1.jar;C:\Users\casper\.m2\repository\org\springframework\spring-context-support\6.1.2\spring-context-support-6.1.2.jar;C:\Users\casper\.m2\repository\com\stoyanr\evictor\1.0.0\evictor-1.0.0.jar;C:\Users\casper\.m2\repository\org\projectlombok\lombok\1.18.30\lombok-1.18.30.jar;C:\Users\casper\.m2\repository\org\springframework\cloud\spring-cloud-starter-openfeign\4.1.0\spring-cloud-starter-openfeign-4.1.0.jar;C:\Users\casper\.m2\repository\org\springframework\cloud\spring-cloud-openfeign-core\4.1.0\spring-cloud-openfeign-core-4.1.0.jar;C:\Users\casper\.m2\repository\io\github\openfeign\form\feign-form-spring\3.8.0\feign-form-spring-3.8.0.jar;C:\Users\casper\.m2\repository\io\github\openfeign\form\feign-form\3.8.0\feign-form-3.8.0.jar;C:\Users\casper\.m2\repository\commons-fileupload\commons-fileupload\1.5\commons-fileupload-1.5.jar;C:\Users\casper\.m2\repository\commons-io\commons-io\2.11.0\commons-io-2.11.0.jar;C:\Users\casper\.m2\repository\org\springframework\cloud\spring-cloud-commons\4.1.0\spring-cloud-commons-4.1.0.jar;C:\Users\casper\.m2\repository\org\springframework\security\spring-security-crypto\6.2.1\spring-security-crypto-6.2.1.jar;C:\Users\casper\.m2\repository\io\github\openfeign\feign-core\13.1\feign-core-13.1.jar;C:\Users\casper\.m2\repository\io\github\openfeign\feign-slf4j\13.1\feign-slf4j-13.1.jar;C:\Users\casper\.m2\repository\org\springframework\boot\spring-boot-devtools\3.2.1\spring-boot-devtools-3.2.1.jar;C:\Users\casper\.m2\repository\org\springframework\boot\spring-boot\3.2.1\spring-boot-3.2.1.jar;C:\Users\casper\.m2\repository\org\springframework\boot\spring-boot-autoconfigure\3.2.1\spring-boot-autoconfigure-3.2.1.jar;C:\Users\casper\.m2\repository\com\mysql\mysql-connector-j\8.1.0\mysql-connector-j-8.1.0.jar;C:\Users\casper\.m2\repository\jakarta\xml\bind\jakarta.xml.bind-api\4.0.1\jakarta.xml.bind-api-4.0.1.jar;C:\Users\casper\.m2\repository\jakarta\activation\jakarta.activation-api\2.1.2\jakarta.activation-api-2.1.2.jar;C:\Users\casper\.m2\repository\org\springframework\spring-core\6.1.2\spring-core-6.1.2.jar;C:\Users\casper\.m2\repository\org\springframework\spring-jcl\6.1.2\spring-jcl-6.1.2.jar
Launcher Type: SUN_STANDARD

[Global flags]
     intx CICompilerCount                          = 4                                         {product} {ergonomic}
     uint ConcGCThreads                            = 2                                         {product} {ergonomic}
     uint G1ConcRefinementThreads                  = 8                                         {product} {ergonomic}
   size_t G1HeapRegionSize                         = 1048576                                   {product} {ergonomic}
    uintx GCDrainStackTargetSize                   = 64                                        {product} {ergonomic}
   size_t InitialHeapSize                          = 130023424                                 {product} {ergonomic}
     bool ManagementServer                         = true                                      {product} {command line}
   size_t MarkStackSize                            = 4194304                                   {product} {ergonomic}
   size_t MaxHeapSize                              = 2055208960                                {product} {ergonomic}
   size_t MaxNewSize                               = 1233125376                                {product} {ergonomic}
   size_t MinHeapDeltaBytes                        = 1048576                                   {product} {ergonomic}
   size_t MinHeapSize                              = 8388608                                   {product} {ergonomic}
    uintx NonNMethodCodeHeapSize                   = 4096                                   {pd product} {ergonomic}
    uintx NonProfiledCodeHeapSize                  = 0                                      {pd product} {ergonomic}
     bool ProfileInterpreter                       = false                                  {pd product} {command line}
    uintx ProfiledCodeHeapSize                     = 0                                      {pd product} {ergonomic}
   size_t SoftMaxHeapSize                          = 2055208960                             {manageable} {ergonomic}
     intx TieredStopAtLevel                        = 1                                         {product} {command line}
     bool UseCompressedOops                        = true                           {product lp64_product} {ergonomic}
     bool UseG1GC                                  = true                                      {product} {ergonomic}
     bool UseLargePagesIndividualAllocation        = false                                  {pd product} {ergonomic}

Logging:
Log output configuration:
 #0: stdout all=warning uptime,level,tags foldmultilines=false
 #1: stderr all=off uptime,level,tags foldmultilines=false

Environment Variables:
JAVA_HOME=C:\Program Files\Java\jdk-21
PATH=C:\WINDOWS.X64_193000_db_home\bin;C:\oraclesqldeve\bin;C:\Program Files\Java\jdk-17\bin;C:\Program Files\Java\jdk-21\bin;C:\Program Files (x86)\Common Files\Oracle\Java\javapath;C:\Windows\system32;C:\Windows;C:\Windows\System32\Wbem;C:\Windows\System32\WindowsPowerShell\v1.0\;C:\Windows\System32\OpenSSH\;C:\Program Files\nodejs\;C:\ProgramData\chocolatey\bin;C:\Program Files\Git\cmd;C:\flutter\flutter\bin;C:\Program Files\Docker\Docker\resources\bin;C:\sonar-scanner-5.0.1.3006-windows\bin;C:\Program Files (x86)\Windows Kits\10\Windows Performance Toolkit\;C:\Users\casper\AppData\Local\Microsoft\WindowsApps;C:\Users\casper\AppData\Local\Programs\Microsoft VS Code\bin;C:\Users\casper\AppData\Roaming\npm;C:\Program Files\JetBrains\WebStorm\bin;;C:\Program Files\JetBrains\IntelliJ IDEA 2023.1.1\bin;;C:\Users\casper\AppData\Local\Pub\Cache\bin;
USERNAME=casper
OS=Windows_NT
PROCESSOR_IDENTIFIER=Intel64 Family 6 Model 142 Stepping 10, GenuineIntel
TMP=C:\Users\casper\AppData\Local\Temp
TEMP=C:\Users\casper\AppData\Local\Temp




---------------  S Y S T E M  ---------------

OS:
 Windows 10 , 64 bit Build 19041 (10.0.19041.3636)
OS uptime: 0 days 12:19 hours
Hyper-V role detected

CPU: total 8 (initial active 8) (4 cores per cpu, 2 threads per core) family 6 model 142 stepping 10 microcode 0xb4, cx8, cmov, fxsr, ht, mmx, 3dnowpref, sse, sse2, sse3, ssse3, sse4.1, sse4.2, popcnt, lzcnt, tsc, tscinvbit, avx, avx2, aes, erms, clmul, bmi1, bmi2, adx, fma, vzeroupper, clflush, clflushopt, hv, rdtscp, f16c
Processor Information for all 8 processors :
  Max Mhz: 1992, Current Mhz: 1792, Mhz Limit: 1792

Memory: 4k page, system-wide physical 7833M (559M free)
TotalPageFile size 19609M (AvailPageFile size 2759M)
current process WorkingSet (physical memory assigned to process): 87M, peak: 279M
current process commit charge ("private bytes"): 323M, peak: 325M

vm_info: Java HotSpot(TM) 64-Bit Server VM (21+35-LTS-2513) for windows-amd64 JRE (21+35-LTS-2513), built on 2023-08-09T20:25:10Z by "mach5one" with MS VC++ 17.1 (VS2022)

END.
